#
# There is insufficient memory for the Java Runtime Environment to continue.
# Native memory allocation (malloc) failed to allocate 1795216 bytes for Chunk::new
# Possible reasons:
#   The system is out of physical RAM or swap space
#   The process is running with CompressedOops enabled, and the Java Heap may be blocking the growth of the native heap
# Possible solutions:
#   Reduce memory load on the system
#   Increase physical memory or swap space
#   Check if swap backing store is full
#   Decrease Java heap size (-Xmx/-Xms)
#   Decrease number of Java threads
#   Decrease Java thread stack sizes (-Xss)
#   Set larger code cache with -XX:ReservedCodeCacheSize=
#   JVM is running with Zero Based Compressed Oops mode in which the Java heap is
#     placed in the first 32GB address space. The Java Heap base address is the
#     maximum limit for the native heap growth. Please use -XX:HeapBaseMinAddress
#     to set the Java Heap base and to place the Java Heap above 32GB virtual address.
# This output file may be truncated or incomplete.
#
#  Out of Memory Error (./open/src/hotspot/share/memory/arena.cpp:197), pid=6400, tid=9384
#
# JRE version: Java(TM) SE Runtime Environment 18.9 (11.0.7+8) (build 11.0.7+8-LTS)
# Java VM: Java HotSpot(TM) 64-Bit Server VM 18.9 (11.0.7+8-LTS, mixed mode, tiered, compressed oops, g1 gc, windows-amd64)
# No core dump will be written. Minidumps are not enabled by default on client versions of Windows
#

---------------  S U M M A R Y ------------

Command Line: -ea -Dfile.encoding=UTF-8 org.eclipse.jdt.internal.junit.runner.RemoteTestRunner -version 3 -port 58687 -testLoaderClass org.eclipse.jdt.internal.junit5.runner.JUnit5TestLoader -loaderpluginname org.eclipse.jdt.junit5.runtime -testNameFile C:\Users\silvio\AppData\Local\Temp\testNames13172423469475467885.txt

Host: Intel(R) Core(TM) i7-8565U CPU @ 1.80GHz, 8 cores, 15G,  Windows 10 , 64 bit Build 19041 (10.0.19041.1202)
Time: Sat Sep 25 13:16:15 2021 E. South America Standard Time elapsed time: 25 seconds (0d 0h 0m 25s)

---------------  T H R E A D  ---------------

Current thread (0x000001b3e06fd800):  JavaThread "C2 CompilerThread0" daemon [_thread_in_native, id=9384, stack(0x0000000579e00000,0x0000000579f00000)]


Current CompileTask:
C2:  25037 10955       4       groovyjarjarantlr4.v4.runtime.atn.PredictionContext::join (569 bytes)

Stack: [0x0000000579e00000,0x0000000579f00000]
Native frames: (J=compiled Java code, j=interpreted, Vv=VM code, C=native code)
V  [jvm.dll+0x661a7a]
V  [jvm.dll+0x7a1b2f]
V  [jvm.dll+0x7a31d5]
V  [jvm.dll+0x7a3843]
V  [jvm.dll+0x25f1a8]
V  [jvm.dll+0xc2441]
V  [jvm.dll+0xc29cc]
V  [jvm.dll+0x36fd27]
V  [jvm.dll+0x33c793]
V  [jvm.dll+0x33bb6a]
V  [jvm.dll+0x2186e5]
V  [jvm.dll+0x21788a]
V  [jvm.dll+0x19407c]
V  [jvm.dll+0x226c74]
V  [jvm.dll+0x224e98]
V  [jvm.dll+0x765e25]
V  [jvm.dll+0x75e875]
V  [jvm.dll+0x660b26]
C  [ucrtbase.dll+0x21bb2]
C  [KERNEL32.DLL+0x17034]
C  [ntdll.dll+0x52651]


---------------  P R O C E S S  ---------------

Threads class SMR info:
_java_thread_list=0x000001b3e6cb6c80, length=30, elements={
0x000001b3ba636800, 0x000001b3dfdea000, 0x000001b3dfdf4000, 0x000001b3e06fb800,
0x000001b3e06fc800, 0x000001b3e06fd800, 0x000001b3e0701800, 0x000001b3e0709000,
0x000001b3e0872800, 0x000001b3e0875800, 0x000001b3e112c000, 0x000001b3e372e000,
0x000001b3e7881000, 0x000001b3e7880800, 0x000001b3e787b800, 0x000001b3e7882000,
0x000001b3e787f800, 0x000001b3e787d000, 0x000001b3e7e6e800, 0x000001b3e7e67800,
0x000001b3e7e68800, 0x000001b3e787c000, 0x000001b3e7e6c000, 0x000001b3e7e6d800,
0x000001b3e304e000, 0x000001b3e304f000, 0x000001b3e3050800, 0x000001b3e3051800,
0x000001b3e304d800, 0x000001b3e3054800
}

Java Threads: ( => current thread )
  0x000001b3ba636800 JavaThread "main" [_thread_in_vm, id=11948, stack(0x0000000579300000,0x0000000579400000)]
  0x000001b3dfdea000 JavaThread "Reference Handler" daemon [_thread_blocked, id=15888, stack(0x0000000579a00000,0x0000000579b00000)]
  0x000001b3dfdf4000 JavaThread "Finalizer" daemon [_thread_blocked, id=26452, stack(0x0000000579b00000,0x0000000579c00000)]
  0x000001b3e06fb800 JavaThread "Signal Dispatcher" daemon [_thread_blocked, id=25000, stack(0x0000000579c00000,0x0000000579d00000)]
  0x000001b3e06fc800 JavaThread "Attach Listener" daemon [_thread_blocked, id=9048, stack(0x0000000579d00000,0x0000000579e00000)]
=>0x000001b3e06fd800 JavaThread "C2 CompilerThread0" daemon [_thread_in_native, id=9384, stack(0x0000000579e00000,0x0000000579f00000)]
  0x000001b3e0701800 JavaThread "C1 CompilerThread0" daemon [_thread_blocked, id=29496, stack(0x0000000579f00000,0x000000057a000000)]
  0x000001b3e0709000 JavaThread "Sweeper thread" daemon [_thread_in_vm, id=23760, stack(0x000000057a000000,0x000000057a100000)]
  0x000001b3e0872800 JavaThread "Service Thread" daemon [_thread_blocked, id=26776, stack(0x000000057a100000,0x000000057a200000)]
  0x000001b3e0875800 JavaThread "Common-Cleaner" daemon [_thread_blocked, id=28372, stack(0x000000057a300000,0x000000057a400000)]
  0x000001b3e112c000 JavaThread "ReaderThread" [_thread_in_native, id=19140, stack(0x000000057a400000,0x000000057a500000)]
  0x000001b3e372e000 JavaThread "HikariPool-1 housekeeper" daemon [_thread_blocked, id=15636, stack(0x000000057ae00000,0x000000057af00000)]
  0x000001b3e7881000 JavaThread "Catalina-utility-1" [_thread_blocked, id=4836, stack(0x000000057af00000,0x000000057b000000)]
  0x000001b3e7880800 JavaThread "Catalina-utility-2" [_thread_blocked, id=4708, stack(0x000000057b100000,0x000000057b200000)]
  0x000001b3e787b800 JavaThread "container-0" [_thread_blocked, id=19844, stack(0x000000057b200000,0x000000057b300000)]
  0x000001b3e7882000 JavaThread "HikariPool-2 housekeeper" daemon [_thread_blocked, id=20628, stack(0x000000057b300000,0x000000057b400000)]
  0x000001b3e787f800 JavaThread "http-nio-auto-1-Poller" daemon [_thread_in_native, id=17392, stack(0x000000057b600000,0x000000057b700000)]
  0x000001b3e787d000 JavaThread "http-nio-auto-1-Acceptor" daemon [_thread_in_native, id=11872, stack(0x000000057b700000,0x000000057b800000)]
  0x000001b3e7e6e800 JavaThread "http-nio-auto-1-exec-1" daemon [_thread_blocked, id=27020, stack(0x000000057b800000,0x000000057b900000)]
  0x000001b3e7e67800 JavaThread "http-nio-auto-1-exec-2" daemon [_thread_blocked, id=4964, stack(0x000000057b400000,0x000000057b500000)]
  0x000001b3e7e68800 JavaThread "http-nio-auto-1-exec-3" daemon [_thread_blocked, id=29636, stack(0x000000057b900000,0x000000057ba00000)]
  0x000001b3e787c000 JavaThread "http-nio-auto-1-exec-4" daemon [_thread_blocked, id=14884, stack(0x000000057ba00000,0x000000057bb00000)]
  0x000001b3e7e6c000 JavaThread "http-nio-auto-1-exec-5" daemon [_thread_blocked, id=16576, stack(0x000000057ab00000,0x000000057ac00000)]
  0x000001b3e7e6d800 JavaThread "C2 CompilerThread1" daemon [_thread_blocked, id=26048, stack(0x000000057a500000,0x000000057a600000)]
  0x000001b3e304e000 JavaThread "http-nio-auto-1-exec-6" daemon [_thread_blocked, id=27836, stack(0x000000057bb00000,0x000000057bc00000)]
  0x000001b3e304f000 JavaThread "http-nio-auto-1-exec-7" daemon [_thread_blocked, id=23928, stack(0x000000057bc00000,0x000000057bd00000)]
  0x000001b3e3050800 JavaThread "http-nio-auto-1-exec-8" daemon [_thread_blocked, id=17712, stack(0x000000057be00000,0x000000057bf00000)]
  0x000001b3e3051800 JavaThread "http-nio-auto-1-exec-9" daemon [_thread_blocked, id=4716, stack(0x000000057bf00000,0x000000057c000000)]
  0x000001b3e304d800 JavaThread "http-nio-auto-1-exec-10" daemon [_thread_blocked, id=24856, stack(0x000000057bd00000,0x000000057be00000)]
  0x000001b3e3054800 JavaThread "C2 CompilerThread2" daemon [_thread_in_native, id=16616, stack(0x000000057c000000,0x000000057c100000)]

Other Threads:
  0x000001b3dfde7800 VMThread "VM Thread" [stack: 0x0000000579900000,0x0000000579a00000] [id=22704]
  0x000001b3e0877800 WatcherThread [stack: 0x000000057a200000,0x000000057a300000] [id=13452]
  0x000001b3ba649000 GCTaskThread "GC Thread#0" [stack: 0x0000000579400000,0x0000000579500000] [id=20740]
  0x000001b3e1840000 GCTaskThread "GC Thread#1" [stack: 0x000000057a600000,0x000000057a700000] [id=26548]
  0x000001b3e1836000 GCTaskThread "GC Thread#2" [stack: 0x000000057a700000,0x000000057a800000] [id=29104]
  0x000001b3e185a800 GCTaskThread "GC Thread#3" [stack: 0x000000057a800000,0x000000057a900000] [id=16852]
  0x000001b3e185b800 GCTaskThread "GC Thread#4" [stack: 0x000000057a900000,0x000000057aa00000] [id=17172]
  0x000001b3e177f800 GCTaskThread "GC Thread#5" [stack: 0x000000057aa00000,0x000000057ab00000] [id=21004]
  0x000001b3e489d800 GCTaskThread "GC Thread#6" [stack: 0x000000057b000000,0x000000057b100000] [id=7320]
  0x000001b3e48a1800 GCTaskThread "GC Thread#7" [stack: 0x000000057b500000,0x000000057b600000] [id=27372]
  0x000001b3ba6a3800 ConcurrentGCThread "G1 Main Marker" [stack: 0x0000000579500000,0x0000000579600000] [id=9940]
  0x000001b3ba6a5000 ConcurrentGCThread "G1 Conc#0" [stack: 0x0000000579600000,0x0000000579700000] [id=29536]
  0x000001b3e1bd6000 ConcurrentGCThread "G1 Conc#1" [stack: 0x000000057ac00000,0x000000057ad00000] [id=23776]
  0x000001b3dfcd6800 ConcurrentGCThread "G1 Refine#0" [stack: 0x0000000579700000,0x0000000579800000] [id=24552]
  0x000001b3dfcd7800 ConcurrentGCThread "G1 Young RemSet Sampling" [stack: 0x0000000579800000,0x0000000579900000] [id=4284]

Threads with active compile tasks:
C2 CompilerThread010955       4       groovyjarjarantlr4.v4.runtime.atn.PredictionContext::join (569 bytes)
C2 CompilerThread210718       4       java.beans.Introspector::getTargetMethodInfo (250 bytes)

VM state:not at safepoint (normal execution)

VM Mutex/Monitor currently owned by a thread:  ([mutex/lock_event])
[0x000001b3ba633820] CompiledIC_lock - owner thread: 0x000001b3e0709000

Heap address: 0x0000000703800000, size: 4040 MB, Compressed Oops mode: Zero based, Oop shift amount: 3
Narrow klass base: 0x0000000800000000, Narrow klass shift: 0
Compressed class space size: 1073741824 Address: 0x0000000800000000

Heap:
 garbage-first heap   total 374784K, used 67197K [0x0000000703800000, 0x0000000800000000)
  region size 1024K, 25 young (25600K), 19 survivors (19456K)
 Metaspace       used 96907K, capacity 100434K, committed 100576K, reserved 1136640K
  class space    used 12434K, capacity 13947K, committed 13952K, reserved 1048576K
Heap Regions: E=young(eden), S=young(survivor), O=old, HS=humongous(starts), HC=humongous(continues), CS=collection set, F=free, A=archive, TAMS=top-at-mark-start (previous, next)
|   0|0x0000000703800000, 0x0000000703900000, 0x0000000703900000|100%|HS|  |TAMS 0x0000000703900000, 0x0000000703800000| Complete 
|   1|0x0000000703900000, 0x0000000703a00000, 0x0000000703a00000|100%| O|  |TAMS 0x0000000703a00000, 0x0000000703900000| Untracked 
|   2|0x0000000703a00000, 0x0000000703b00000, 0x0000000703b00000|100%| O|  |TAMS 0x0000000703b00000, 0x0000000703a00000| Untracked 
|   3|0x0000000703b00000, 0x0000000703c00000, 0x0000000703c00000|100%| O|  |TAMS 0x0000000703c00000, 0x0000000703b00000| Untracked 
|   4|0x0000000703c00000, 0x0000000703d00000, 0x0000000703d00000|100%| O|  |TAMS 0x0000000703d00000, 0x0000000703c00000| Untracked 
|   5|0x0000000703d00000, 0x0000000703e00000, 0x0000000703e00000|100%| O|  |TAMS 0x0000000703e00000, 0x0000000703d00000| Untracked 
|   6|0x0000000703e00000, 0x0000000703f00000, 0x0000000703f00000|100%| O|  |TAMS 0x0000000703f00000, 0x0000000703e00000| Untracked 
|   7|0x0000000703f00000, 0x0000000704000000, 0x0000000704000000|100%| O|  |TAMS 0x0000000704000000, 0x0000000703f00000| Untracked 
|   8|0x0000000704000000, 0x0000000704100000, 0x0000000704100000|100%| O|  |TAMS 0x0000000704100000, 0x0000000704000000| Untracked 
|   9|0x0000000704100000, 0x0000000704200000, 0x0000000704200000|100%| O|  |TAMS 0x0000000704200000, 0x0000000704100000| Untracked 
|  10|0x0000000704200000, 0x0000000704300000, 0x0000000704300000|100%| O|  |TAMS 0x0000000704300000, 0x0000000704200000| Untracked 
|  11|0x0000000704300000, 0x0000000704400000, 0x0000000704400000|100%| O|  |TAMS 0x0000000704400000, 0x0000000704300000| Untracked 
|  12|0x0000000704400000, 0x0000000704500000, 0x0000000704500000|100%| O|  |TAMS 0x0000000704500000, 0x0000000704400000| Untracked 
|  13|0x0000000704500000, 0x0000000704600000, 0x0000000704600000|100%| O|  |TAMS 0x0000000704600000, 0x0000000704500000| Untracked 
|  14|0x0000000704600000, 0x0000000704700000, 0x0000000704700000|100%| O|  |TAMS 0x0000000704700000, 0x0000000704600000| Untracked 
|  15|0x0000000704700000, 0x0000000704800000, 0x0000000704800000|100%| O|  |TAMS 0x0000000704800000, 0x0000000704700000| Untracked 
|  16|0x0000000704800000, 0x0000000704900000, 0x0000000704900000|100%| O|  |TAMS 0x0000000704900000, 0x0000000704800000| Untracked 
|  17|0x0000000704900000, 0x0000000704a00000, 0x0000000704a00000|100%| O|  |TAMS 0x0000000704a00000, 0x0000000704900000| Untracked 
|  18|0x0000000704a00000, 0x0000000704b00000, 0x0000000704b00000|100%| O|  |TAMS 0x0000000704b00000, 0x0000000704a00000| Untracked 
|  19|0x0000000704b00000, 0x0000000704c00000, 0x0000000704c00000|100%| O|  |TAMS 0x0000000704c00000, 0x0000000704b00000| Untracked 
|  20|0x0000000704c00000, 0x0000000704d00000, 0x0000000704d00000|100%| O|  |TAMS 0x0000000704d00000, 0x0000000704c00000| Untracked 
|  21|0x0000000704d00000, 0x0000000704e00000, 0x0000000704e00000|100%| O|  |TAMS 0x0000000704e00000, 0x0000000704d00000| Untracked 
|  22|0x0000000704e00000, 0x0000000704f00000, 0x0000000704f00000|100%| O|  |TAMS 0x0000000704f00000, 0x0000000704e00000| Untracked 
|  23|0x0000000704f00000, 0x0000000705000000, 0x0000000705000000|100%| O|  |TAMS 0x0000000705000000, 0x0000000704f00000| Untracked 
|  24|0x0000000705000000, 0x0000000705100000, 0x0000000705100000|100%| O|  |TAMS 0x0000000705100000, 0x0000000705000000| Untracked 
|  25|0x0000000705100000, 0x0000000705200000, 0x0000000705200000|100%| O|  |TAMS 0x0000000705200000, 0x0000000705100000| Untracked 
|  26|0x0000000705200000, 0x0000000705300000, 0x0000000705300000|100%| O|  |TAMS 0x0000000705300000, 0x0000000705200000| Untracked 
|  27|0x0000000705300000, 0x0000000705400000, 0x0000000705400000|100%| O|  |TAMS 0x0000000705400000, 0x0000000705300000| Untracked 
|  28|0x0000000705400000, 0x0000000705500000, 0x0000000705500000|100%| O|  |TAMS 0x0000000705500000, 0x0000000705400000| Untracked 
|  29|0x0000000705500000, 0x0000000705600000, 0x0000000705600000|100%| O|  |TAMS 0x0000000705600000, 0x0000000705500000| Untracked 
|  30|0x0000000705600000, 0x0000000705700000, 0x0000000705700000|100%| O|  |TAMS 0x0000000705700000, 0x0000000705600000| Untracked 
|  31|0x0000000705700000, 0x0000000705800000, 0x0000000705800000|100%| O|  |TAMS 0x0000000705800000, 0x0000000705700000| Untracked 
|  32|0x0000000705800000, 0x0000000705900000, 0x0000000705900000|100%| O|  |TAMS 0x0000000705900000, 0x0000000705800000| Untracked 
|  33|0x0000000705900000, 0x0000000705a00000, 0x0000000705a00000|100%| O|  |TAMS 0x0000000705a00000, 0x0000000705900000| Untracked 
|  34|0x0000000705a00000, 0x0000000705b00000, 0x0000000705b00000|100%| O|  |TAMS 0x0000000705b00000, 0x0000000705a00000| Untracked 
|  35|0x0000000705b00000, 0x0000000705c00000, 0x0000000705c00000|100%| O|  |TAMS 0x0000000705c00000, 0x0000000705b00000| Untracked 
|  36|0x0000000705c00000, 0x0000000705d00000, 0x0000000705d00000|100%| O|  |TAMS 0x0000000705d00000, 0x0000000705c00000| Untracked 
|  37|0x0000000705d00000, 0x0000000705e00000, 0x0000000705e00000|100%| O|  |TAMS 0x0000000705e00000, 0x0000000705d00000| Untracked 
|  38|0x0000000705e00000, 0x0000000705f00000, 0x0000000705f00000|100%| O|  |TAMS 0x0000000705f00000, 0x0000000705e00000| Untracked 
|  39|0x0000000705f00000, 0x0000000706000000, 0x0000000706000000|100%| O|  |TAMS 0x0000000706000000, 0x0000000705f00000| Untracked 
|  40|0x0000000706000000, 0x0000000706100000, 0x0000000706100000|100%| O|  |TAMS 0x0000000706100000, 0x0000000706000000| Untracked 
|  41|0x0000000706100000, 0x00000007061bd400, 0x0000000706200000| 73%| O|  |TAMS 0x00000007061bd400, 0x0000000706100000| Untracked 
|  42|0x0000000706200000, 0x0000000706200000, 0x0000000706300000|  0%| F|  |TAMS 0x0000000706200000, 0x0000000706200000| Untracked 
|  43|0x0000000706300000, 0x0000000706300000, 0x0000000706400000|  0%| F|  |TAMS 0x0000000706300000, 0x0000000706300000| Untracked 
|  44|0x0000000706400000, 0x0000000706400000, 0x0000000706500000|  0%| F|  |TAMS 0x0000000706400000, 0x0000000706400000| Untracked 
|  45|0x0000000706500000, 0x0000000706500000, 0x0000000706600000|  0%| F|  |TAMS 0x0000000706500000, 0x0000000706500000| Untracked 
|  46|0x0000000706600000, 0x0000000706600000, 0x0000000706700000|  0%| F|  |TAMS 0x0000000706600000, 0x0000000706600000| Untracked 
|  47|0x0000000706700000, 0x0000000706700000, 0x0000000706800000|  0%| F|  |TAMS 0x0000000706700000, 0x0000000706700000| Untracked 
|  48|0x0000000706800000, 0x0000000706800000, 0x0000000706900000|  0%| F|  |TAMS 0x0000000706800000, 0x0000000706800000| Untracked 
|  49|0x0000000706900000, 0x0000000706900000, 0x0000000706a00000|  0%| F|  |TAMS 0x0000000706900000, 0x0000000706900000| Untracked 
|  50|0x0000000706a00000, 0x0000000706a00000, 0x0000000706b00000|  0%| F|  |TAMS 0x0000000706a00000, 0x0000000706a00000| Untracked 
|  51|0x0000000706b00000, 0x0000000706b00000, 0x0000000706c00000|  0%| F|  |TAMS 0x0000000706b00000, 0x0000000706b00000| Untracked 
|  52|0x0000000706c00000, 0x0000000706c00000, 0x0000000706d00000|  0%| F|  |TAMS 0x0000000706c00000, 0x0000000706c00000| Untracked 
|  53|0x0000000706d00000, 0x0000000706d00000, 0x0000000706e00000|  0%| F|  |TAMS 0x0000000706d00000, 0x0000000706d00000| Untracked 
|  54|0x0000000706e00000, 0x0000000706e00000, 0x0000000706f00000|  0%| F|  |TAMS 0x0000000706e00000, 0x0000000706e00000| Untracked 
|  55|0x0000000706f00000, 0x0000000706f00000, 0x0000000707000000|  0%| F|  |TAMS 0x0000000706f00000, 0x0000000706f00000| Untracked 
|  56|0x0000000707000000, 0x0000000707000000, 0x0000000707100000|  0%| F|  |TAMS 0x0000000707000000, 0x0000000707000000| Untracked 
|  57|0x0000000707100000, 0x0000000707100000, 0x0000000707200000|  0%| F|  |TAMS 0x0000000707100000, 0x0000000707100000| Untracked 
|  58|0x0000000707200000, 0x0000000707200000, 0x0000000707300000|  0%| F|  |TAMS 0x0000000707200000, 0x0000000707200000| Untracked 
|  59|0x0000000707300000, 0x0000000707300000, 0x0000000707400000|  0%| F|  |TAMS 0x0000000707300000, 0x0000000707300000| Untracked 
|  60|0x0000000707400000, 0x0000000707400000, 0x0000000707500000|  0%| F|  |TAMS 0x0000000707400000, 0x0000000707400000| Untracked 
|  61|0x0000000707500000, 0x0000000707500000, 0x0000000707600000|  0%| F|  |TAMS 0x0000000707500000, 0x0000000707500000| Untracked 
|  62|0x0000000707600000, 0x0000000707600000, 0x0000000707700000|  0%| F|  |TAMS 0x0000000707600000, 0x0000000707600000| Untracked 
|  63|0x0000000707700000, 0x0000000707700000, 0x0000000707800000|  0%| F|  |TAMS 0x0000000707700000, 0x0000000707700000| Untracked 
|  64|0x0000000707800000, 0x0000000707800000, 0x0000000707900000|  0%| F|  |TAMS 0x0000000707800000, 0x0000000707800000| Untracked 
|  65|0x0000000707900000, 0x0000000707900000, 0x0000000707a00000|  0%| F|  |TAMS 0x0000000707900000, 0x0000000707900000| Untracked 
|  66|0x0000000707a00000, 0x0000000707a00000, 0x0000000707b00000|  0%| F|  |TAMS 0x0000000707a00000, 0x0000000707a00000| Untracked 
|  67|0x0000000707b00000, 0x0000000707b00000, 0x0000000707c00000|  0%| F|  |TAMS 0x0000000707b00000, 0x0000000707b00000| Untracked 
|  68|0x0000000707c00000, 0x0000000707c00000, 0x0000000707d00000|  0%| F|  |TAMS 0x0000000707c00000, 0x0000000707c00000| Untracked 
|  69|0x0000000707d00000, 0x0000000707d00000, 0x0000000707e00000|  0%| F|  |TAMS 0x0000000707d00000, 0x0000000707d00000| Untracked 
|  70|0x0000000707e00000, 0x0000000707e00000, 0x0000000707f00000|  0%| F|  |TAMS 0x0000000707e00000, 0x0000000707e00000| Untracked 
|  71|0x0000000707f00000, 0x0000000707f00000, 0x0000000708000000|  0%| F|  |TAMS 0x0000000707f00000, 0x0000000707f00000| Untracked 
|  72|0x0000000708000000, 0x0000000708000000, 0x0000000708100000|  0%| F|  |TAMS 0x0000000708000000, 0x0000000708000000| Untracked 
|  73|0x0000000708100000, 0x0000000708100000, 0x0000000708200000|  0%| F|  |TAMS 0x0000000708100000, 0x0000000708100000| Untracked 
|  74|0x0000000708200000, 0x0000000708200000, 0x0000000708300000|  0%| F|  |TAMS 0x0000000708200000, 0x0000000708200000| Untracked 
|  75|0x0000000708300000, 0x0000000708300000, 0x0000000708400000|  0%| F|  |TAMS 0x0000000708300000, 0x0000000708300000| Untracked 
|  76|0x0000000708400000, 0x0000000708400000, 0x0000000708500000|  0%| F|  |TAMS 0x0000000708400000, 0x0000000708400000| Untracked 
|  77|0x0000000708500000, 0x0000000708500000, 0x0000000708600000|  0%| F|  |TAMS 0x0000000708500000, 0x0000000708500000| Untracked 
|  78|0x0000000708600000, 0x0000000708600000, 0x0000000708700000|  0%| F|  |TAMS 0x0000000708600000, 0x0000000708600000| Untracked 
|  79|0x0000000708700000, 0x0000000708700000, 0x0000000708800000|  0%| F|  |TAMS 0x0000000708700000, 0x0000000708700000| Untracked 
|  80|0x0000000708800000, 0x0000000708800000, 0x0000000708900000|  0%| F|  |TAMS 0x0000000708800000, 0x0000000708800000| Untracked 
|  81|0x0000000708900000, 0x0000000708900000, 0x0000000708a00000|  0%| F|  |TAMS 0x0000000708900000, 0x0000000708900000| Untracked 
|  82|0x0000000708a00000, 0x0000000708a00000, 0x0000000708b00000|  0%| F|  |TAMS 0x0000000708a00000, 0x0000000708a00000| Untracked 
|  83|0x0000000708b00000, 0x0000000708b00000, 0x0000000708c00000|  0%| F|  |TAMS 0x0000000708b00000, 0x0000000708b00000| Untracked 
|  84|0x0000000708c00000, 0x0000000708c00000, 0x0000000708d00000|  0%| F|  |TAMS 0x0000000708c00000, 0x0000000708c00000| Untracked 
|  85|0x0000000708d00000, 0x0000000708d00000, 0x0000000708e00000|  0%| F|  |TAMS 0x0000000708d00000, 0x0000000708d00000| Untracked 
|  86|0x0000000708e00000, 0x0000000708e00000, 0x0000000708f00000|  0%| F|  |TAMS 0x0000000708e00000, 0x0000000708e00000| Untracked 
|  87|0x0000000708f00000, 0x0000000708f00000, 0x0000000709000000|  0%| F|  |TAMS 0x0000000708f00000, 0x0000000708f00000| Untracked 
|  88|0x0000000709000000, 0x0000000709000000, 0x0000000709100000|  0%| F|  |TAMS 0x0000000709000000, 0x0000000709000000| Untracked 
|  89|0x0000000709100000, 0x0000000709100000, 0x0000000709200000|  0%| F|  |TAMS 0x0000000709100000, 0x0000000709100000| Untracked 
|  90|0x0000000709200000, 0x0000000709200000, 0x0000000709300000|  0%| F|  |TAMS 0x0000000709200000, 0x0000000709200000| Untracked 
|  91|0x0000000709300000, 0x0000000709300000, 0x0000000709400000|  0%| F|  |TAMS 0x0000000709300000, 0x0000000709300000| Untracked 
|  92|0x0000000709400000, 0x0000000709400000, 0x0000000709500000|  0%| F|  |TAMS 0x0000000709400000, 0x0000000709400000| Untracked 
|  93|0x0000000709500000, 0x0000000709500000, 0x0000000709600000|  0%| F|  |TAMS 0x0000000709500000, 0x0000000709500000| Untracked 
|  94|0x0000000709600000, 0x0000000709600000, 0x0000000709700000|  0%| F|  |TAMS 0x0000000709600000, 0x0000000709600000| Untracked 
|  95|0x0000000709700000, 0x0000000709700000, 0x0000000709800000|  0%| F|  |TAMS 0x0000000709700000, 0x0000000709700000| Untracked 
|  96|0x0000000709800000, 0x0000000709800000, 0x0000000709900000|  0%| F|  |TAMS 0x0000000709800000, 0x0000000709800000| Untracked 
|  97|0x0000000709900000, 0x0000000709900000, 0x0000000709a00000|  0%| F|  |TAMS 0x0000000709900000, 0x0000000709900000| Untracked 
|  98|0x0000000709a00000, 0x0000000709a00000, 0x0000000709b00000|  0%| F|  |TAMS 0x0000000709a00000, 0x0000000709a00000| Untracked 
|  99|0x0000000709b00000, 0x0000000709b00000, 0x0000000709c00000|  0%| F|  |TAMS 0x0000000709b00000, 0x0000000709b00000| Untracked 
| 100|0x0000000709c00000, 0x0000000709c00000, 0x0000000709d00000|  0%| F|  |TAMS 0x0000000709c00000, 0x0000000709c00000| Untracked 
| 101|0x0000000709d00000, 0x0000000709d00000, 0x0000000709e00000|  0%| F|  |TAMS 0x0000000709d00000, 0x0000000709d00000| Untracked 
| 102|0x0000000709e00000, 0x0000000709e00000, 0x0000000709f00000|  0%| F|  |TAMS 0x0000000709e00000, 0x0000000709e00000| Untracked 
| 103|0x0000000709f00000, 0x0000000709f00000, 0x000000070a000000|  0%| F|  |TAMS 0x0000000709f00000, 0x0000000709f00000| Untracked 
| 104|0x000000070a000000, 0x000000070a000000, 0x000000070a100000|  0%| F|  |TAMS 0x000000070a000000, 0x000000070a000000| Untracked 
| 105|0x000000070a100000, 0x000000070a100000, 0x000000070a200000|  0%| F|  |TAMS 0x000000070a100000, 0x000000070a100000| Untracked 
| 106|0x000000070a200000, 0x000000070a200000, 0x000000070a300000|  0%| F|  |TAMS 0x000000070a200000, 0x000000070a200000| Untracked 
| 107|0x000000070a300000, 0x000000070a300000, 0x000000070a400000|  0%| F|  |TAMS 0x000000070a300000, 0x000000070a300000| Untracked 
| 108|0x000000070a400000, 0x000000070a400000, 0x000000070a500000|  0%| F|  |TAMS 0x000000070a400000, 0x000000070a400000| Untracked 
| 109|0x000000070a500000, 0x000000070a500000, 0x000000070a600000|  0%| F|  |TAMS 0x000000070a500000, 0x000000070a500000| Untracked 
| 110|0x000000070a600000, 0x000000070a600000, 0x000000070a700000|  0%| F|  |TAMS 0x000000070a600000, 0x000000070a600000| Untracked 
| 111|0x000000070a700000, 0x000000070a700000, 0x000000070a800000|  0%| F|  |TAMS 0x000000070a700000, 0x000000070a700000| Untracked 
| 112|0x000000070a800000, 0x000000070a800000, 0x000000070a900000|  0%| F|  |TAMS 0x000000070a800000, 0x000000070a800000| Untracked 
| 113|0x000000070a900000, 0x000000070a900000, 0x000000070aa00000|  0%| F|  |TAMS 0x000000070a900000, 0x000000070a900000| Untracked 
| 114|0x000000070aa00000, 0x000000070aa00000, 0x000000070ab00000|  0%| F|  |TAMS 0x000000070aa00000, 0x000000070aa00000| Untracked 
| 115|0x000000070ab00000, 0x000000070ab00000, 0x000000070ac00000|  0%| F|  |TAMS 0x000000070ab00000, 0x000000070ab00000| Untracked 
| 116|0x000000070ac00000, 0x000000070ac00000, 0x000000070ad00000|  0%| F|  |TAMS 0x000000070ac00000, 0x000000070ac00000| Untracked 
| 117|0x000000070ad00000, 0x000000070ad00000, 0x000000070ae00000|  0%| F|  |TAMS 0x000000070ad00000, 0x000000070ad00000| Untracked 
| 118|0x000000070ae00000, 0x000000070ae00000, 0x000000070af00000|  0%| F|  |TAMS 0x000000070ae00000, 0x000000070ae00000| Untracked 
| 119|0x000000070af00000, 0x000000070af00000, 0x000000070b000000|  0%| F|  |TAMS 0x000000070af00000, 0x000000070af00000| Untracked 
| 120|0x000000070b000000, 0x000000070b000000, 0x000000070b100000|  0%| F|  |TAMS 0x000000070b000000, 0x000000070b000000| Untracked 
| 121|0x000000070b100000, 0x000000070b100000, 0x000000070b200000|  0%| F|  |TAMS 0x000000070b100000, 0x000000070b100000| Untracked 
| 122|0x000000070b200000, 0x000000070b200000, 0x000000070b300000|  0%| F|  |TAMS 0x000000070b200000, 0x000000070b200000| Untracked 
| 123|0x000000070b300000, 0x000000070b300000, 0x000000070b400000|  0%| F|  |TAMS 0x000000070b300000, 0x000000070b300000| Untracked 
| 124|0x000000070b400000, 0x000000070b400000, 0x000000070b500000|  0%| F|  |TAMS 0x000000070b400000, 0x000000070b400000| Untracked 
| 125|0x000000070b500000, 0x000000070b500000, 0x000000070b600000|  0%| F|  |TAMS 0x000000070b500000, 0x000000070b500000| Untracked 
| 126|0x000000070b600000, 0x000000070b600000, 0x000000070b700000|  0%| F|  |TAMS 0x000000070b600000, 0x000000070b600000| Untracked 
| 127|0x000000070b700000, 0x000000070b700000, 0x000000070b800000|  0%| F|  |TAMS 0x000000070b700000, 0x000000070b700000| Untracked 
| 128|0x000000070b800000, 0x000000070b800000, 0x000000070b900000|  0%| F|  |TAMS 0x000000070b800000, 0x000000070b800000| Untracked 
| 129|0x000000070b900000, 0x000000070b900000, 0x000000070ba00000|  0%| F|  |TAMS 0x000000070b900000, 0x000000070b900000| Untracked 
| 130|0x000000070ba00000, 0x000000070ba00000, 0x000000070bb00000|  0%| F|  |TAMS 0x000000070ba00000, 0x000000070ba00000| Untracked 
| 131|0x000000070bb00000, 0x000000070bb00000, 0x000000070bc00000|  0%| F|  |TAMS 0x000000070bb00000, 0x000000070bb00000| Untracked 
| 132|0x000000070bc00000, 0x000000070bc00000, 0x000000070bd00000|  0%| F|  |TAMS 0x000000070bc00000, 0x000000070bc00000| Untracked 
| 133|0x000000070bd00000, 0x000000070bd00000, 0x000000070be00000|  0%| F|  |TAMS 0x000000070bd00000, 0x000000070bd00000| Untracked 
| 134|0x000000070be00000, 0x000000070be00000, 0x000000070bf00000|  0%| F|  |TAMS 0x000000070be00000, 0x000000070be00000| Untracked 
| 135|0x000000070bf00000, 0x000000070bf00000, 0x000000070c000000|  0%| F|  |TAMS 0x000000070bf00000, 0x000000070bf00000| Untracked 
| 136|0x000000070c000000, 0x000000070c000000, 0x000000070c100000|  0%| F|  |TAMS 0x000000070c000000, 0x000000070c000000| Untracked 
| 137|0x000000070c100000, 0x000000070c100000, 0x000000070c200000|  0%| F|  |TAMS 0x000000070c100000, 0x000000070c100000| Untracked 
| 138|0x000000070c200000, 0x000000070c200000, 0x000000070c300000|  0%| F|  |TAMS 0x000000070c200000, 0x000000070c200000| Untracked 
| 139|0x000000070c300000, 0x000000070c300000, 0x000000070c400000|  0%| F|  |TAMS 0x000000070c300000, 0x000000070c300000| Untracked 
| 140|0x000000070c400000, 0x000000070c400000, 0x000000070c500000|  0%| F|  |TAMS 0x000000070c400000, 0x000000070c400000| Untracked 
| 141|0x000000070c500000, 0x000000070c500000, 0x000000070c600000|  0%| F|  |TAMS 0x000000070c500000, 0x000000070c500000| Untracked 
| 142|0x000000070c600000, 0x000000070c600000, 0x000000070c700000|  0%| F|  |TAMS 0x000000070c600000, 0x000000070c600000| Untracked 
| 143|0x000000070c700000, 0x000000070c700000, 0x000000070c800000|  0%| F|  |TAMS 0x000000070c700000, 0x000000070c700000| Untracked 
| 144|0x000000070c800000, 0x000000070c800000, 0x000000070c900000|  0%| F|  |TAMS 0x000000070c800000, 0x000000070c800000| Untracked 
| 145|0x000000070c900000, 0x000000070c900000, 0x000000070ca00000|  0%| F|  |TAMS 0x000000070c900000, 0x000000070c900000| Untracked 
| 146|0x000000070ca00000, 0x000000070ca00000, 0x000000070cb00000|  0%| F|  |TAMS 0x000000070ca00000, 0x000000070ca00000| Untracked 
| 147|0x000000070cb00000, 0x000000070cb00000, 0x000000070cc00000|  0%| F|  |TAMS 0x000000070cb00000, 0x000000070cb00000| Untracked 
| 148|0x000000070cc00000, 0x000000070cc00000, 0x000000070cd00000|  0%| F|  |TAMS 0x000000070cc00000, 0x000000070cc00000| Untracked 
| 149|0x000000070cd00000, 0x000000070cd00000, 0x000000070ce00000|  0%| F|  |TAMS 0x000000070cd00000, 0x000000070cd00000| Untracked 
| 150|0x000000070ce00000, 0x000000070ce00000, 0x000000070cf00000|  0%| F|  |TAMS 0x000000070ce00000, 0x000000070ce00000| Untracked 
| 151|0x000000070cf00000, 0x000000070cf00000, 0x000000070d000000|  0%| F|  |TAMS 0x000000070cf00000, 0x000000070cf00000| Untracked 
| 152|0x000000070d000000, 0x000000070d000000, 0x000000070d100000|  0%| F|  |TAMS 0x000000070d000000, 0x000000070d000000| Untracked 
| 153|0x000000070d100000, 0x000000070d100000, 0x000000070d200000|  0%| F|  |TAMS 0x000000070d100000, 0x000000070d100000| Untracked 
| 154|0x000000070d200000, 0x000000070d200000, 0x000000070d300000|  0%| F|  |TAMS 0x000000070d200000, 0x000000070d200000| Untracked 
| 155|0x000000070d300000, 0x000000070d300000, 0x000000070d400000|  0%| F|  |TAMS 0x000000070d300000, 0x000000070d300000| Untracked 
| 156|0x000000070d400000, 0x000000070d400000, 0x000000070d500000|  0%| F|  |TAMS 0x000000070d400000, 0x000000070d400000| Untracked 
| 157|0x000000070d500000, 0x000000070d500000, 0x000000070d600000|  0%| F|  |TAMS 0x000000070d500000, 0x000000070d500000| Untracked 
| 158|0x000000070d600000, 0x000000070d600000, 0x000000070d700000|  0%| F|  |TAMS 0x000000070d600000, 0x000000070d600000| Untracked 
| 159|0x000000070d700000, 0x000000070d700000, 0x000000070d800000|  0%| F|  |TAMS 0x000000070d700000, 0x000000070d700000| Untracked 
| 160|0x000000070d800000, 0x000000070d800000, 0x000000070d900000|  0%| F|  |TAMS 0x000000070d800000, 0x000000070d800000| Untracked 
| 161|0x000000070d900000, 0x000000070d900000, 0x000000070da00000|  0%| F|  |TAMS 0x000000070d900000, 0x000000070d900000| Untracked 
| 162|0x000000070da00000, 0x000000070da00000, 0x000000070db00000|  0%| F|  |TAMS 0x000000070da00000, 0x000000070da00000| Untracked 
| 163|0x000000070db00000, 0x000000070db00000, 0x000000070dc00000|  0%| F|  |TAMS 0x000000070db00000, 0x000000070db00000| Untracked 
| 164|0x000000070dc00000, 0x000000070dc00000, 0x000000070dd00000|  0%| F|  |TAMS 0x000000070dc00000, 0x000000070dc00000| Untracked 
| 165|0x000000070dd00000, 0x000000070dd00000, 0x000000070de00000|  0%| F|  |TAMS 0x000000070dd00000, 0x000000070dd00000| Untracked 
| 166|0x000000070de00000, 0x000000070de00000, 0x000000070df00000|  0%| F|  |TAMS 0x000000070de00000, 0x000000070de00000| Untracked 
| 167|0x000000070df00000, 0x000000070df00000, 0x000000070e000000|  0%| F|  |TAMS 0x000000070df00000, 0x000000070df00000| Untracked 
| 168|0x000000070e000000, 0x000000070e000000, 0x000000070e100000|  0%| F|  |TAMS 0x000000070e000000, 0x000000070e000000| Untracked 
| 169|0x000000070e100000, 0x000000070e100000, 0x000000070e200000|  0%| F|  |TAMS 0x000000070e100000, 0x000000070e100000| Untracked 
| 170|0x000000070e200000, 0x000000070e200000, 0x000000070e300000|  0%| F|  |TAMS 0x000000070e200000, 0x000000070e200000| Untracked 
| 171|0x000000070e300000, 0x000000070e300000, 0x000000070e400000|  0%| F|  |TAMS 0x000000070e300000, 0x000000070e300000| Untracked 
| 172|0x000000070e400000, 0x000000070e400000, 0x000000070e500000|  0%| F|  |TAMS 0x000000070e400000, 0x000000070e400000| Untracked 
| 173|0x000000070e500000, 0x000000070e500000, 0x000000070e600000|  0%| F|  |TAMS 0x000000070e500000, 0x000000070e500000| Untracked 
| 174|0x000000070e600000, 0x000000070e600000, 0x000000070e700000|  0%| F|  |TAMS 0x000000070e600000, 0x000000070e600000| Untracked 
| 175|0x000000070e700000, 0x000000070e700000, 0x000000070e800000|  0%| F|  |TAMS 0x000000070e700000, 0x000000070e700000| Untracked 
| 176|0x000000070e800000, 0x000000070e800000, 0x000000070e900000|  0%| F|  |TAMS 0x000000070e800000, 0x000000070e800000| Untracked 
| 177|0x000000070e900000, 0x000000070e900000, 0x000000070ea00000|  0%| F|  |TAMS 0x000000070e900000, 0x000000070e900000| Untracked 
| 178|0x000000070ea00000, 0x000000070ea00000, 0x000000070eb00000|  0%| F|  |TAMS 0x000000070ea00000, 0x000000070ea00000| Untracked 
| 179|0x000000070eb00000, 0x000000070eb00000, 0x000000070ec00000|  0%| F|  |TAMS 0x000000070eb00000, 0x000000070eb00000| Untracked 
| 180|0x000000070ec00000, 0x000000070ec00000, 0x000000070ed00000|  0%| F|  |TAMS 0x000000070ec00000, 0x000000070ec00000| Untracked 
| 181|0x000000070ed00000, 0x000000070ed00000, 0x000000070ee00000|  0%| F|  |TAMS 0x000000070ed00000, 0x000000070ed00000| Untracked 
| 182|0x000000070ee00000, 0x000000070ee00000, 0x000000070ef00000|  0%| F|  |TAMS 0x000000070ee00000, 0x000000070ee00000| Untracked 
| 183|0x000000070ef00000, 0x000000070ef00000, 0x000000070f000000|  0%| F|  |TAMS 0x000000070ef00000, 0x000000070ef00000| Untracked 
| 184|0x000000070f000000, 0x000000070f000000, 0x000000070f100000|  0%| F|  |TAMS 0x000000070f000000, 0x000000070f000000| Untracked 
| 185|0x000000070f100000, 0x000000070f100000, 0x000000070f200000|  0%| F|  |TAMS 0x000000070f100000, 0x000000070f100000| Untracked 
| 186|0x000000070f200000, 0x000000070f200000, 0x000000070f300000|  0%| F|  |TAMS 0x000000070f200000, 0x000000070f200000| Untracked 
| 187|0x000000070f300000, 0x000000070f300000, 0x000000070f400000|  0%| F|  |TAMS 0x000000070f300000, 0x000000070f300000| Untracked 
| 188|0x000000070f400000, 0x000000070f400000, 0x000000070f500000|  0%| F|  |TAMS 0x000000070f400000, 0x000000070f400000| Untracked 
| 189|0x000000070f500000, 0x000000070f500000, 0x000000070f600000|  0%| F|  |TAMS 0x000000070f500000, 0x000000070f500000| Untracked 
| 190|0x000000070f600000, 0x000000070f600000, 0x000000070f700000|  0%| F|  |TAMS 0x000000070f600000, 0x000000070f600000| Untracked 
| 191|0x000000070f700000, 0x000000070f700000, 0x000000070f800000|  0%| F|  |TAMS 0x000000070f700000, 0x000000070f700000| Untracked 
| 192|0x000000070f800000, 0x000000070f800000, 0x000000070f900000|  0%| F|  |TAMS 0x000000070f800000, 0x000000070f800000| Untracked 
| 193|0x000000070f900000, 0x000000070f900000, 0x000000070fa00000|  0%| F|  |TAMS 0x000000070f900000, 0x000000070f900000| Untracked 
| 194|0x000000070fa00000, 0x000000070fa00000, 0x000000070fb00000|  0%| F|  |TAMS 0x000000070fa00000, 0x000000070fa00000| Untracked 
| 195|0x000000070fb00000, 0x000000070fb00000, 0x000000070fc00000|  0%| F|  |TAMS 0x000000070fb00000, 0x000000070fb00000| Untracked 
| 196|0x000000070fc00000, 0x000000070fc00000, 0x000000070fd00000|  0%| F|  |TAMS 0x000000070fc00000, 0x000000070fc00000| Untracked 
| 197|0x000000070fd00000, 0x000000070fd00000, 0x000000070fe00000|  0%| F|  |TAMS 0x000000070fd00000, 0x000000070fd00000| Untracked 
| 198|0x000000070fe00000, 0x000000070fe00000, 0x000000070ff00000|  0%| F|  |TAMS 0x000000070fe00000, 0x000000070fe00000| Untracked 
| 199|0x000000070ff00000, 0x000000070ff00000, 0x0000000710000000|  0%| F|  |TAMS 0x000000070ff00000, 0x000000070ff00000| Untracked 
| 200|0x0000000710000000, 0x0000000710000000, 0x0000000710100000|  0%| F|  |TAMS 0x0000000710000000, 0x0000000710000000| Untracked 
| 201|0x0000000710100000, 0x0000000710100000, 0x0000000710200000|  0%| F|  |TAMS 0x0000000710100000, 0x0000000710100000| Untracked 
| 202|0x0000000710200000, 0x0000000710200000, 0x0000000710300000|  0%| F|  |TAMS 0x0000000710200000, 0x0000000710200000| Untracked 
| 203|0x0000000710300000, 0x0000000710300000, 0x0000000710400000|  0%| F|  |TAMS 0x0000000710300000, 0x0000000710300000| Untracked 
| 204|0x0000000710400000, 0x0000000710400000, 0x0000000710500000|  0%| F|  |TAMS 0x0000000710400000, 0x0000000710400000| Untracked 
| 205|0x0000000710500000, 0x0000000710500000, 0x0000000710600000|  0%| F|  |TAMS 0x0000000710500000, 0x0000000710500000| Untracked 
| 206|0x0000000710600000, 0x0000000710600000, 0x0000000710700000|  0%| F|  |TAMS 0x0000000710600000, 0x0000000710600000| Untracked 
| 207|0x0000000710700000, 0x0000000710700000, 0x0000000710800000|  0%| F|  |TAMS 0x0000000710700000, 0x0000000710700000| Untracked 
| 208|0x0000000710800000, 0x0000000710800000, 0x0000000710900000|  0%| F|  |TAMS 0x0000000710800000, 0x0000000710800000| Untracked 
| 209|0x0000000710900000, 0x0000000710900000, 0x0000000710a00000|  0%| F|  |TAMS 0x0000000710900000, 0x0000000710900000| Untracked 
| 210|0x0000000710a00000, 0x0000000710a00000, 0x0000000710b00000|  0%| F|  |TAMS 0x0000000710a00000, 0x0000000710a00000| Untracked 
| 211|0x0000000710b00000, 0x0000000710b00000, 0x0000000710c00000|  0%| F|  |TAMS 0x0000000710b00000, 0x0000000710b00000| Untracked 
| 212|0x0000000710c00000, 0x0000000710c00000, 0x0000000710d00000|  0%| F|  |TAMS 0x0000000710c00000, 0x0000000710c00000| Untracked 
| 213|0x0000000710d00000, 0x0000000710d00000, 0x0000000710e00000|  0%| F|  |TAMS 0x0000000710d00000, 0x0000000710d00000| Untracked 
| 214|0x0000000710e00000, 0x0000000710e00000, 0x0000000710f00000|  0%| F|  |TAMS 0x0000000710e00000, 0x0000000710e00000| Untracked 
| 215|0x0000000710f00000, 0x0000000710f00000, 0x0000000711000000|  0%| F|  |TAMS 0x0000000710f00000, 0x0000000710f00000| Untracked 
| 216|0x0000000711000000, 0x0000000711000000, 0x0000000711100000|  0%| F|  |TAMS 0x0000000711000000, 0x0000000711000000| Untracked 
| 217|0x0000000711100000, 0x0000000711100000, 0x0000000711200000|  0%| F|  |TAMS 0x0000000711100000, 0x0000000711100000| Untracked 
| 218|0x0000000711200000, 0x0000000711200000, 0x0000000711300000|  0%| F|  |TAMS 0x0000000711200000, 0x0000000711200000| Untracked 
| 219|0x0000000711300000, 0x0000000711300000, 0x0000000711400000|  0%| F|  |TAMS 0x0000000711300000, 0x0000000711300000| Untracked 
| 220|0x0000000711400000, 0x0000000711400000, 0x0000000711500000|  0%| F|  |TAMS 0x0000000711400000, 0x0000000711400000| Untracked 
| 221|0x0000000711500000, 0x0000000711500000, 0x0000000711600000|  0%| F|  |TAMS 0x0000000711500000, 0x0000000711500000| Untracked 
| 222|0x0000000711600000, 0x0000000711600000, 0x0000000711700000|  0%| F|  |TAMS 0x0000000711600000, 0x0000000711600000| Untracked 
| 223|0x0000000711700000, 0x0000000711700000, 0x0000000711800000|  0%| F|  |TAMS 0x0000000711700000, 0x0000000711700000| Untracked 
| 224|0x0000000711800000, 0x0000000711800000, 0x0000000711900000|  0%| F|  |TAMS 0x0000000711800000, 0x0000000711800000| Untracked 
| 225|0x0000000711900000, 0x0000000711900000, 0x0000000711a00000|  0%| F|  |TAMS 0x0000000711900000, 0x0000000711900000| Untracked 
| 226|0x0000000711a00000, 0x0000000711a00000, 0x0000000711b00000|  0%| F|  |TAMS 0x0000000711a00000, 0x0000000711a00000| Untracked 
| 227|0x0000000711b00000, 0x0000000711b00000, 0x0000000711c00000|  0%| F|  |TAMS 0x0000000711b00000, 0x0000000711b00000| Untracked 
| 228|0x0000000711c00000, 0x0000000711c00000, 0x0000000711d00000|  0%| F|  |TAMS 0x0000000711c00000, 0x0000000711c00000| Untracked 
| 229|0x0000000711d00000, 0x0000000711d00000, 0x0000000711e00000|  0%| F|  |TAMS 0x0000000711d00000, 0x0000000711d00000| Untracked 
| 230|0x0000000711e00000, 0x0000000711e00000, 0x0000000711f00000|  0%| F|  |TAMS 0x0000000711e00000, 0x0000000711e00000| Untracked 
| 231|0x0000000711f00000, 0x0000000711f00000, 0x0000000712000000|  0%| F|  |TAMS 0x0000000711f00000, 0x0000000711f00000| Untracked 
| 232|0x0000000712000000, 0x0000000712000000, 0x0000000712100000|  0%| F|  |TAMS 0x0000000712000000, 0x0000000712000000| Untracked 
| 233|0x0000000712100000, 0x0000000712100000, 0x0000000712200000|  0%| F|  |TAMS 0x0000000712100000, 0x0000000712100000| Untracked 
| 234|0x0000000712200000, 0x0000000712200000, 0x0000000712300000|  0%| F|  |TAMS 0x0000000712200000, 0x0000000712200000| Untracked 
| 235|0x0000000712300000, 0x0000000712300000, 0x0000000712400000|  0%| F|  |TAMS 0x0000000712300000, 0x0000000712300000| Untracked 
| 236|0x0000000712400000, 0x0000000712400000, 0x0000000712500000|  0%| F|  |TAMS 0x0000000712400000, 0x0000000712400000| Untracked 
| 237|0x0000000712500000, 0x0000000712500000, 0x0000000712600000|  0%| F|  |TAMS 0x0000000712500000, 0x0000000712500000| Untracked 
| 238|0x0000000712600000, 0x0000000712600000, 0x0000000712700000|  0%| F|  |TAMS 0x0000000712600000, 0x0000000712600000| Untracked 
| 239|0x0000000712700000, 0x0000000712700000, 0x0000000712800000|  0%| F|  |TAMS 0x0000000712700000, 0x0000000712700000| Untracked 
| 240|0x0000000712800000, 0x0000000712800000, 0x0000000712900000|  0%| F|  |TAMS 0x0000000712800000, 0x0000000712800000| Untracked 
| 241|0x0000000712900000, 0x0000000712900000, 0x0000000712a00000|  0%| F|  |TAMS 0x0000000712900000, 0x0000000712900000| Untracked 
| 242|0x0000000712a00000, 0x0000000712a00000, 0x0000000712b00000|  0%| F|  |TAMS 0x0000000712a00000, 0x0000000712a00000| Untracked 
| 243|0x0000000712b00000, 0x0000000712b00000, 0x0000000712c00000|  0%| F|  |TAMS 0x0000000712b00000, 0x0000000712b00000| Untracked 
| 244|0x0000000712c00000, 0x0000000712c00000, 0x0000000712d00000|  0%| F|  |TAMS 0x0000000712c00000, 0x0000000712c00000| Untracked 
| 245|0x0000000712d00000, 0x0000000712d00000, 0x0000000712e00000|  0%| F|  |TAMS 0x0000000712d00000, 0x0000000712d00000| Untracked 
| 246|0x0000000712e00000, 0x0000000712e00000, 0x0000000712f00000|  0%| F|  |TAMS 0x0000000712e00000, 0x0000000712e00000| Untracked 
| 247|0x0000000712f00000, 0x0000000712f00000, 0x0000000713000000|  0%| F|  |TAMS 0x0000000712f00000, 0x0000000712f00000| Untracked 
| 248|0x0000000713000000, 0x0000000713000000, 0x0000000713100000|  0%| F|  |TAMS 0x0000000713000000, 0x0000000713000000| Untracked 
| 249|0x0000000713100000, 0x0000000713100000, 0x0000000713200000|  0%| F|  |TAMS 0x0000000713100000, 0x0000000713100000| Untracked 
| 250|0x0000000713200000, 0x0000000713200000, 0x0000000713300000|  0%| F|  |TAMS 0x0000000713200000, 0x0000000713200000| Untracked 
| 251|0x0000000713300000, 0x0000000713300000, 0x0000000713400000|  0%| F|  |TAMS 0x0000000713300000, 0x0000000713300000| Untracked 
| 252|0x0000000713400000, 0x0000000713400000, 0x0000000713500000|  0%| F|  |TAMS 0x0000000713400000, 0x0000000713400000| Untracked 
| 253|0x0000000713500000, 0x00000007135e2240, 0x0000000713600000| 88%| S|CS|TAMS 0x0000000713500000, 0x0000000713500000| Complete 
| 254|0x0000000713600000, 0x0000000713700000, 0x0000000713700000|100%| S|CS|TAMS 0x0000000713600000, 0x0000000713600000| Complete 
| 255|0x0000000713700000, 0x0000000713800000, 0x0000000713800000|100%| S|CS|TAMS 0x0000000713700000, 0x0000000713700000| Complete 
| 256|0x0000000713800000, 0x0000000713900000, 0x0000000713900000|100%| S|CS|TAMS 0x0000000713800000, 0x0000000713800000| Complete 
| 257|0x0000000713900000, 0x0000000713a00000, 0x0000000713a00000|100%| S|CS|TAMS 0x0000000713900000, 0x0000000713900000| Complete 
| 258|0x0000000713a00000, 0x0000000713b00000, 0x0000000713b00000|100%| S|CS|TAMS 0x0000000713a00000, 0x0000000713a00000| Complete 
| 259|0x0000000713b00000, 0x0000000713c00000, 0x0000000713c00000|100%| S|CS|TAMS 0x0000000713b00000, 0x0000000713b00000| Complete 
| 260|0x0000000713c00000, 0x0000000713d00000, 0x0000000713d00000|100%| S|CS|TAMS 0x0000000713c00000, 0x0000000713c00000| Complete 
| 261|0x0000000713d00000, 0x0000000713e00000, 0x0000000713e00000|100%| S|CS|TAMS 0x0000000713d00000, 0x0000000713d00000| Complete 
| 262|0x0000000713e00000, 0x0000000713f00000, 0x0000000713f00000|100%| S|CS|TAMS 0x0000000713e00000, 0x0000000713e00000| Complete 
| 263|0x0000000713f00000, 0x0000000714000000, 0x0000000714000000|100%| S|CS|TAMS 0x0000000713f00000, 0x0000000713f00000| Complete 
| 264|0x0000000714000000, 0x0000000714100000, 0x0000000714100000|100%| S|CS|TAMS 0x0000000714000000, 0x0000000714000000| Complete 
| 265|0x0000000714100000, 0x0000000714200000, 0x0000000714200000|100%| S|CS|TAMS 0x0000000714100000, 0x0000000714100000| Complete 
| 266|0x0000000714200000, 0x0000000714300000, 0x0000000714300000|100%| S|CS|TAMS 0x0000000714200000, 0x0000000714200000| Complete 
| 267|0x0000000714300000, 0x0000000714400000, 0x0000000714400000|100%| S|CS|TAMS 0x0000000714300000, 0x0000000714300000| Complete 
| 268|0x0000000714400000, 0x0000000714500000, 0x0000000714500000|100%| S|CS|TAMS 0x0000000714400000, 0x0000000714400000| Complete 
| 269|0x0000000714500000, 0x0000000714600000, 0x0000000714600000|100%| S|CS|TAMS 0x0000000714500000, 0x0000000714500000| Complete 
| 270|0x0000000714600000, 0x0000000714700000, 0x0000000714700000|100%| S|CS|TAMS 0x0000000714600000, 0x0000000714600000| Complete 
| 271|0x0000000714700000, 0x0000000714800000, 0x0000000714800000|100%| S|CS|TAMS 0x0000000714700000, 0x0000000714700000| Complete 
| 272|0x0000000714800000, 0x0000000714800000, 0x0000000714900000|  0%| F|  |TAMS 0x0000000714800000, 0x0000000714800000| Untracked 
| 273|0x0000000714900000, 0x0000000714900000, 0x0000000714a00000|  0%| F|  |TAMS 0x0000000714900000, 0x0000000714900000| Untracked 
| 274|0x0000000714a00000, 0x0000000714a00000, 0x0000000714b00000|  0%| F|  |TAMS 0x0000000714a00000, 0x0000000714a00000| Untracked 
| 275|0x0000000714b00000, 0x0000000714b00000, 0x0000000714c00000|  0%| F|  |TAMS 0x0000000714b00000, 0x0000000714b00000| Untracked 
| 276|0x0000000714c00000, 0x0000000714c00000, 0x0000000714d00000|  0%| F|  |TAMS 0x0000000714c00000, 0x0000000714c00000| Untracked 
| 277|0x0000000714d00000, 0x0000000714d00000, 0x0000000714e00000|  0%| F|  |TAMS 0x0000000714d00000, 0x0000000714d00000| Untracked 
| 278|0x0000000714e00000, 0x0000000714e00000, 0x0000000714f00000|  0%| F|  |TAMS 0x0000000714e00000, 0x0000000714e00000| Untracked 
| 279|0x0000000714f00000, 0x0000000714f00000, 0x0000000715000000|  0%| F|  |TAMS 0x0000000714f00000, 0x0000000714f00000| Untracked 
| 280|0x0000000715000000, 0x0000000715000000, 0x0000000715100000|  0%| F|  |TAMS 0x0000000715000000, 0x0000000715000000| Untracked 
| 281|0x0000000715100000, 0x0000000715100000, 0x0000000715200000|  0%| F|  |TAMS 0x0000000715100000, 0x0000000715100000| Untracked 
| 282|0x0000000715200000, 0x0000000715200000, 0x0000000715300000|  0%| F|  |TAMS 0x0000000715200000, 0x0000000715200000| Untracked 
| 283|0x0000000715300000, 0x0000000715300000, 0x0000000715400000|  0%| F|  |TAMS 0x0000000715300000, 0x0000000715300000| Untracked 
| 284|0x0000000715400000, 0x0000000715400000, 0x0000000715500000|  0%| F|  |TAMS 0x0000000715400000, 0x0000000715400000| Untracked 
| 285|0x0000000715500000, 0x0000000715500000, 0x0000000715600000|  0%| F|  |TAMS 0x0000000715500000, 0x0000000715500000| Untracked 
| 286|0x0000000715600000, 0x0000000715600000, 0x0000000715700000|  0%| F|  |TAMS 0x0000000715600000, 0x0000000715600000| Untracked 
| 287|0x0000000715700000, 0x0000000715700000, 0x0000000715800000|  0%| F|  |TAMS 0x0000000715700000, 0x0000000715700000| Untracked 
| 288|0x0000000715800000, 0x0000000715800000, 0x0000000715900000|  0%| F|  |TAMS 0x0000000715800000, 0x0000000715800000| Untracked 
| 289|0x0000000715900000, 0x0000000715900000, 0x0000000715a00000|  0%| F|  |TAMS 0x0000000715900000, 0x0000000715900000| Untracked 
| 290|0x0000000715a00000, 0x0000000715a00000, 0x0000000715b00000|  0%| F|  |TAMS 0x0000000715a00000, 0x0000000715a00000| Untracked 
| 291|0x0000000715b00000, 0x0000000715b00000, 0x0000000715c00000|  0%| F|  |TAMS 0x0000000715b00000, 0x0000000715b00000| Untracked 
| 292|0x0000000715c00000, 0x0000000715c00000, 0x0000000715d00000|  0%| F|  |TAMS 0x0000000715c00000, 0x0000000715c00000| Untracked 
| 293|0x0000000715d00000, 0x0000000715d00000, 0x0000000715e00000|  0%| F|  |TAMS 0x0000000715d00000, 0x0000000715d00000| Untracked 
| 294|0x0000000715e00000, 0x0000000715e00000, 0x0000000715f00000|  0%| F|  |TAMS 0x0000000715e00000, 0x0000000715e00000| Untracked 
| 295|0x0000000715f00000, 0x0000000715f00000, 0x0000000716000000|  0%| F|  |TAMS 0x0000000715f00000, 0x0000000715f00000| Untracked 
| 296|0x0000000716000000, 0x0000000716000000, 0x0000000716100000|  0%| F|  |TAMS 0x0000000716000000, 0x0000000716000000| Untracked 
| 297|0x0000000716100000, 0x0000000716100000, 0x0000000716200000|  0%| F|  |TAMS 0x0000000716100000, 0x0000000716100000| Untracked 
| 298|0x0000000716200000, 0x0000000716200000, 0x0000000716300000|  0%| F|  |TAMS 0x0000000716200000, 0x0000000716200000| Untracked 
| 299|0x0000000716300000, 0x0000000716300000, 0x0000000716400000|  0%| F|  |TAMS 0x0000000716300000, 0x0000000716300000| Untracked 
| 300|0x0000000716400000, 0x0000000716400000, 0x0000000716500000|  0%| F|  |TAMS 0x0000000716400000, 0x0000000716400000| Untracked 
| 301|0x0000000716500000, 0x0000000716500000, 0x0000000716600000|  0%| F|  |TAMS 0x0000000716500000, 0x0000000716500000| Untracked 
| 302|0x0000000716600000, 0x0000000716600000, 0x0000000716700000|  0%| F|  |TAMS 0x0000000716600000, 0x0000000716600000| Untracked 
| 303|0x0000000716700000, 0x0000000716700000, 0x0000000716800000|  0%| F|  |TAMS 0x0000000716700000, 0x0000000716700000| Untracked 
| 304|0x0000000716800000, 0x0000000716800000, 0x0000000716900000|  0%| F|  |TAMS 0x0000000716800000, 0x0000000716800000| Untracked 
| 305|0x0000000716900000, 0x0000000716900000, 0x0000000716a00000|  0%| F|  |TAMS 0x0000000716900000, 0x0000000716900000| Untracked 
| 306|0x0000000716a00000, 0x0000000716a00000, 0x0000000716b00000|  0%| F|  |TAMS 0x0000000716a00000, 0x0000000716a00000| Untracked 
| 307|0x0000000716b00000, 0x0000000716b00000, 0x0000000716c00000|  0%| F|  |TAMS 0x0000000716b00000, 0x0000000716b00000| Untracked 
| 308|0x0000000716c00000, 0x0000000716c00000, 0x0000000716d00000|  0%| F|  |TAMS 0x0000000716c00000, 0x0000000716c00000| Untracked 
| 309|0x0000000716d00000, 0x0000000716d00000, 0x0000000716e00000|  0%| F|  |TAMS 0x0000000716d00000, 0x0000000716d00000| Untracked 
| 310|0x0000000716e00000, 0x0000000716e00000, 0x0000000716f00000|  0%| F|  |TAMS 0x0000000716e00000, 0x0000000716e00000| Untracked 
| 311|0x0000000716f00000, 0x0000000716f00000, 0x0000000717000000|  0%| F|  |TAMS 0x0000000716f00000, 0x0000000716f00000| Untracked 
| 312|0x0000000717000000, 0x0000000717000000, 0x0000000717100000|  0%| F|  |TAMS 0x0000000717000000, 0x0000000717000000| Untracked 
| 313|0x0000000717100000, 0x0000000717100000, 0x0000000717200000|  0%| F|  |TAMS 0x0000000717100000, 0x0000000717100000| Untracked 
| 314|0x0000000717200000, 0x0000000717200000, 0x0000000717300000|  0%| F|  |TAMS 0x0000000717200000, 0x0000000717200000| Untracked 
| 315|0x0000000717300000, 0x0000000717300000, 0x0000000717400000|  0%| F|  |TAMS 0x0000000717300000, 0x0000000717300000| Untracked 
| 316|0x0000000717400000, 0x0000000717400000, 0x0000000717500000|  0%| F|  |TAMS 0x0000000717400000, 0x0000000717400000| Untracked 
| 317|0x0000000717500000, 0x0000000717500000, 0x0000000717600000|  0%| F|  |TAMS 0x0000000717500000, 0x0000000717500000| Untracked 
| 318|0x0000000717600000, 0x0000000717600000, 0x0000000717700000|  0%| F|  |TAMS 0x0000000717600000, 0x0000000717600000| Untracked 
| 319|0x0000000717700000, 0x0000000717700000, 0x0000000717800000|  0%| F|  |TAMS 0x0000000717700000, 0x0000000717700000| Untracked 
| 320|0x0000000717800000, 0x0000000717800000, 0x0000000717900000|  0%| F|  |TAMS 0x0000000717800000, 0x0000000717800000| Untracked 
| 321|0x0000000717900000, 0x0000000717900000, 0x0000000717a00000|  0%| F|  |TAMS 0x0000000717900000, 0x0000000717900000| Untracked 
| 322|0x0000000717a00000, 0x0000000717a00000, 0x0000000717b00000|  0%| F|  |TAMS 0x0000000717a00000, 0x0000000717a00000| Untracked 
| 323|0x0000000717b00000, 0x0000000717b00000, 0x0000000717c00000|  0%| F|  |TAMS 0x0000000717b00000, 0x0000000717b00000| Untracked 
| 324|0x0000000717c00000, 0x0000000717c00000, 0x0000000717d00000|  0%| F|  |TAMS 0x0000000717c00000, 0x0000000717c00000| Untracked 
| 325|0x0000000717d00000, 0x0000000717d00000, 0x0000000717e00000|  0%| F|  |TAMS 0x0000000717d00000, 0x0000000717d00000| Untracked 
| 326|0x0000000717e00000, 0x0000000717e00000, 0x0000000717f00000|  0%| F|  |TAMS 0x0000000717e00000, 0x0000000717e00000| Untracked 
| 327|0x0000000717f00000, 0x0000000717f00000, 0x0000000718000000|  0%| F|  |TAMS 0x0000000717f00000, 0x0000000717f00000| Untracked 
| 328|0x0000000718000000, 0x0000000718000000, 0x0000000718100000|  0%| F|  |TAMS 0x0000000718000000, 0x0000000718000000| Untracked 
| 329|0x0000000718100000, 0x0000000718100000, 0x0000000718200000|  0%| F|  |TAMS 0x0000000718100000, 0x0000000718100000| Untracked 
| 330|0x0000000718200000, 0x0000000718200000, 0x0000000718300000|  0%| F|  |TAMS 0x0000000718200000, 0x0000000718200000| Untracked 
| 331|0x0000000718300000, 0x0000000718300000, 0x0000000718400000|  0%| F|  |TAMS 0x0000000718300000, 0x0000000718300000| Untracked 
| 332|0x0000000718400000, 0x0000000718400000, 0x0000000718500000|  0%| F|  |TAMS 0x0000000718400000, 0x0000000718400000| Untracked 
| 333|0x0000000718500000, 0x0000000718500000, 0x0000000718600000|  0%| F|  |TAMS 0x0000000718500000, 0x0000000718500000| Untracked 
| 334|0x0000000718600000, 0x0000000718600000, 0x0000000718700000|  0%| F|  |TAMS 0x0000000718600000, 0x0000000718600000| Untracked 
| 335|0x0000000718700000, 0x0000000718700000, 0x0000000718800000|  0%| F|  |TAMS 0x0000000718700000, 0x0000000718700000| Untracked 
| 336|0x0000000718800000, 0x0000000718800000, 0x0000000718900000|  0%| F|  |TAMS 0x0000000718800000, 0x0000000718800000| Untracked 
| 337|0x0000000718900000, 0x0000000718900000, 0x0000000718a00000|  0%| F|  |TAMS 0x0000000718900000, 0x0000000718900000| Untracked 
| 338|0x0000000718a00000, 0x0000000718a00000, 0x0000000718b00000|  0%| F|  |TAMS 0x0000000718a00000, 0x0000000718a00000| Untracked 
| 339|0x0000000718b00000, 0x0000000718b00000, 0x0000000718c00000|  0%| F|  |TAMS 0x0000000718b00000, 0x0000000718b00000| Untracked 
| 340|0x0000000718c00000, 0x0000000718c00000, 0x0000000718d00000|  0%| F|  |TAMS 0x0000000718c00000, 0x0000000718c00000| Untracked 
| 341|0x0000000718d00000, 0x0000000718d00000, 0x0000000718e00000|  0%| F|  |TAMS 0x0000000718d00000, 0x0000000718d00000| Untracked 
| 342|0x0000000718e00000, 0x0000000718e00000, 0x0000000718f00000|  0%| F|  |TAMS 0x0000000718e00000, 0x0000000718e00000| Untracked 
| 343|0x0000000718f00000, 0x0000000718f00000, 0x0000000719000000|  0%| F|  |TAMS 0x0000000718f00000, 0x0000000718f00000| Untracked 
| 344|0x0000000719000000, 0x0000000719000000, 0x0000000719100000|  0%| F|  |TAMS 0x0000000719000000, 0x0000000719000000| Untracked 
| 345|0x0000000719100000, 0x0000000719100000, 0x0000000719200000|  0%| F|  |TAMS 0x0000000719100000, 0x0000000719100000| Untracked 
| 346|0x0000000719200000, 0x0000000719200000, 0x0000000719300000|  0%| F|  |TAMS 0x0000000719200000, 0x0000000719200000| Untracked 
| 347|0x0000000719300000, 0x0000000719300000, 0x0000000719400000|  0%| F|  |TAMS 0x0000000719300000, 0x0000000719300000| Untracked 
| 348|0x0000000719400000, 0x0000000719400000, 0x0000000719500000|  0%| F|  |TAMS 0x0000000719400000, 0x0000000719400000| Untracked 
| 349|0x0000000719500000, 0x0000000719500000, 0x0000000719600000|  0%| F|  |TAMS 0x0000000719500000, 0x0000000719500000| Untracked 
| 350|0x0000000719600000, 0x0000000719600000, 0x0000000719700000|  0%| F|  |TAMS 0x0000000719600000, 0x0000000719600000| Untracked 
| 351|0x0000000719700000, 0x0000000719700000, 0x0000000719800000|  0%| F|  |TAMS 0x0000000719700000, 0x0000000719700000| Untracked 
| 352|0x0000000719800000, 0x0000000719800000, 0x0000000719900000|  0%| F|  |TAMS 0x0000000719800000, 0x0000000719800000| Untracked 
| 353|0x0000000719900000, 0x0000000719900000, 0x0000000719a00000|  0%| F|  |TAMS 0x0000000719900000, 0x0000000719900000| Untracked 
| 354|0x0000000719a00000, 0x0000000719a00000, 0x0000000719b00000|  0%| F|  |TAMS 0x0000000719a00000, 0x0000000719a00000| Untracked 
| 355|0x0000000719b00000, 0x0000000719b00000, 0x0000000719c00000|  0%| F|  |TAMS 0x0000000719b00000, 0x0000000719b00000| Untracked 
| 356|0x0000000719c00000, 0x0000000719c00000, 0x0000000719d00000|  0%| F|  |TAMS 0x0000000719c00000, 0x0000000719c00000| Untracked 
| 357|0x0000000719d00000, 0x0000000719d00000, 0x0000000719e00000|  0%| F|  |TAMS 0x0000000719d00000, 0x0000000719d00000| Untracked 
| 358|0x0000000719e00000, 0x0000000719e00000, 0x0000000719f00000|  0%| F|  |TAMS 0x0000000719e00000, 0x0000000719e00000| Untracked 
| 359|0x0000000719f00000, 0x000000071a000000, 0x000000071a000000|100%| E|  |TAMS 0x0000000719f00000, 0x0000000719f00000| Complete 
| 360|0x000000071a000000, 0x000000071a100000, 0x000000071a100000|100%| E|CS|TAMS 0x000000071a000000, 0x000000071a000000| Complete 
| 361|0x000000071a100000, 0x000000071a200000, 0x000000071a200000|100%| E|CS|TAMS 0x000000071a100000, 0x000000071a100000| Complete 
| 362|0x000000071a200000, 0x000000071a300000, 0x000000071a300000|100%| E|CS|TAMS 0x000000071a200000, 0x000000071a200000| Complete 
| 363|0x000000071a300000, 0x000000071a400000, 0x000000071a400000|100%| E|CS|TAMS 0x000000071a300000, 0x000000071a300000| Complete 
| 364|0x000000071a400000, 0x000000071a500000, 0x000000071a500000|100%| E|CS|TAMS 0x000000071a400000, 0x000000071a400000| Complete 
| 365|0x000000071a500000, 0x000000071a600000, 0x000000071a600000|100%| E|CS|TAMS 0x000000071a500000, 0x000000071a500000| Complete 

Card table byte_map: [0x000001b3d4460000,0x000001b3d4c50000] _byte_map_base: 0x000001b3d0c44000

Marking Bits (Prev, Next): (CMBitMap*) 0x000001b3ba693218, (CMBitMap*) 0x000001b3ba693250
 Prev Bits: [0x000001b3d5440000, 0x000001b3d9360000)
 Next Bits: [0x000001b3d9360000, 0x000001b3dd280000)

Polling page: 0x000001b3c41e0000

Metaspace:

Usage:
  Non-class:     84.59 MB capacity,    82.59 MB ( 98%) used,     1.64 MB (  2%) free+waste,   365.88 KB ( <1%) overhead. 
      Class:     13.65 MB capacity,    12.16 MB ( 89%) used,     1.32 MB ( 10%) free+waste,   177.19 KB (  1%) overhead. 
       Both:     98.24 MB capacity,    94.75 MB ( 96%) used,     2.97 MB (  3%) free+waste,   543.06 KB ( <1%) overhead. 

Virtual space:
  Non-class space:       86.00 MB reserved,      84.59 MB ( 98%) committed 
      Class space:        1.00 GB reserved,      13.75 MB (  1%) committed 
             Both:        1.08 GB reserved,      98.34 MB (  9%) committed 

Chunk freelists:
   Non-Class:  512 bytes
       Class:  256 bytes
        Both:  768 bytes

CodeHeap 'non-profiled nmethods': size=120000Kb used=8386Kb max_used=8488Kb free=111613Kb
 bounds [0x000001b3cbcd0000, 0x000001b3cc520000, 0x000001b3d3200000]
CodeHeap 'profiled nmethods': size=120000Kb used=24569Kb max_used=24947Kb free=95430Kb
 bounds [0x000001b3c47a0000, 0x000001b3c6010000, 0x000001b3cbcd0000]
CodeHeap 'non-nmethods': size=5760Kb used=2360Kb max_used=2360Kb free=3399Kb
 bounds [0x000001b3c4200000, 0x000001b3c4470000, 0x000001b3c47a0000]
 total_blobs=14625 nmethods=10324 adapters=801
 compilation: enabled
              stopped_count=0, restarted_count=0
 full_count=0

Compilation events (10 events):
Event: 24.843 Thread 0x000001b3e7e6d800 10978       4       java.util.HashMap::get (23 bytes)
Event: 24.843 Thread 0x000001b3e0701800 10979       3       org.codehaus.groovy.ast.AnnotatedNode::<init> (12 bytes)
Event: 24.844 Thread 0x000001b3e0701800 nmethod 10979 0x000001b3c6003b10 code [0x000001b3c6003cc0, 0x000001b3c6003fd8]
Event: 24.850 Thread 0x000001b3e7e6d800 nmethod 10978 0x000001b3cc519190 code [0x000001b3cc519340, 0x000001b3cc519608]
Event: 24.887 Thread 0x000001b3e0701800 10980       1       org.codehaus.groovy.ast.ClassNode::isGenericsPlaceHolder (5 bytes)
Event: 24.887 Thread 0x000001b3e0701800 nmethod 10980 0x000001b3cc519890 code [0x000001b3cc519a20, 0x000001b3cc519b38]
Event: 24.962 Thread 0x000001b3e0701800 10981       1       org.apache.http.pool.PoolEntry::getConnection (5 bytes)
Event: 24.962 Thread 0x000001b3e0701800 nmethod 10981 0x000001b3cc519b90 code [0x000001b3cc519d20, 0x000001b3cc519e38]
Event: 24.987 Thread 0x000001b3e0701800 10982       1       org.apache.coyote.AbstractProtocol$ConnectionHandler::getProtocol (5 bytes)
Event: 24.987 Thread 0x000001b3e0701800 nmethod 10982 0x000001b3cc519e90 code [0x000001b3cc51a020, 0x000001b3cc51a138]

GC Heap History (10 events):
Event: 11.308 GC heap before
{Heap before GC invocations=10 (full 0):
 garbage-first heap   total 312320K, used 201343K [0x0000000703800000, 0x0000000800000000)
  region size 1024K, 183 young (187392K), 12 survivors (12288K)
 Metaspace       used 69598K, capacity 71599K, committed 71840K, reserved 1112064K
  class space    used 8911K, capacity 9709K, committed 9728K, reserved 1048576K
}
Event: 11.330 GC heap after
{Heap after GC invocations=11 (full 0):
 garbage-first heap   total 312320K, used 35455K [0x0000000703800000, 0x0000000800000000)
  region size 1024K, 21 young (21504K), 21 survivors (21504K)
 Metaspace       used 69598K, capacity 71599K, committed 71840K, reserved 1112064K
  class space    used 8911K, capacity 9709K, committed 9728K, reserved 1048576K
}
Event: 14.588 GC heap before
{Heap before GC invocations=11 (full 0):
 garbage-first heap   total 312320K, used 200319K [0x0000000703800000, 0x0000000800000000)
  region size 1024K, 183 young (187392K), 21 survivors (21504K)
 Metaspace       used 73728K, capacity 75926K, committed 76064K, reserved 1116160K
  class space    used 9400K, capacity 10242K, committed 10368K, reserved 1048576K
}
Event: 14.606 GC heap after
{Heap after GC invocations=12 (full 0):
 garbage-first heap   total 312320K, used 38191K [0x0000000703800000, 0x0000000800000000)
  region size 1024K, 16 young (16384K), 16 survivors (16384K)
 Metaspace       used 73728K, capacity 75926K, committed 76064K, reserved 1116160K
  class space    used 9400K, capacity 10242K, committed 10368K, reserved 1048576K
}
Event: 18.211 GC heap before
{Heap before GC invocations=12 (full 0):
 garbage-first heap   total 312320K, used 209199K [0x0000000703800000, 0x0000000800000000)
  region size 1024K, 183 young (187392K), 16 survivors (16384K)
 Metaspace       used 77908K, capacity 80233K, committed 80288K, reserved 1118208K
  class space    used 9835K, capacity 10740K, committed 10752K, reserved 1048576K
}
Event: 18.243 GC heap after
{Heap after GC invocations=13 (full 0):
 garbage-first heap   total 312320K, used 48162K [0x0000000703800000, 0x0000000800000000)
  region size 1024K, 17 young (17408K), 17 survivors (17408K)
 Metaspace       used 77908K, capacity 80233K, committed 80288K, reserved 1118208K
  class space    used 9835K, capacity 10740K, committed 10752K, reserved 1048576K
}
Event: 20.967 GC heap before
{Heap before GC invocations=13 (full 0):
 garbage-first heap   total 312320K, used 220194K [0x0000000703800000, 0x0000000800000000)
  region size 1024K, 183 young (187392K), 17 survivors (17408K)
 Metaspace       used 90041K, capacity 92992K, committed 93216K, reserved 1130496K
  class space    used 11390K, capacity 12622K, committed 12672K, reserved 1048576K
}
Event: 20.991 GC heap after
{Heap after GC invocations=14 (full 0):
 garbage-first heap   total 374784K, used 56320K [0x0000000703800000, 0x0000000800000000)
  region size 1024K, 20 young (20480K), 20 survivors (20480K)
 Metaspace       used 90041K, capacity 92992K, committed 93216K, reserved 1130496K
  class space    used 11390K, capacity 12622K, committed 12672K, reserved 1048576K
}
Event: 24.897 GC heap before
{Heap before GC invocations=14 (full 0):
 garbage-first heap   total 374784K, used 151552K [0x0000000703800000, 0x0000000800000000)
  region size 1024K, 114 young (116736K), 20 survivors (20480K)
 Metaspace       used 96747K, capacity 100258K, committed 100320K, reserved 1136640K
  class space    used 12399K, capacity 13911K, committed 13952K, reserved 1048576K
}
Event: 24.918 GC heap after
{Heap after GC invocations=15 (full 0):
 garbage-first heap   total 374784K, used 62077K [0x0000000703800000, 0x0000000800000000)
  region size 1024K, 19 young (19456K), 19 survivors (19456K)
 Metaspace       used 96747K, capacity 100258K, committed 100320K, reserved 1136640K
  class space    used 12399K, capacity 13911K, committed 13952K, reserved 1048576K
}

Deoptimization events (10 events):
Event: 22.859 Thread 0x000001b3e304f000 Uncommon trap: reason=class_check action=maybe_recompile pc=0x000001b3cc462b4c method=java.util.regex.Pattern$BmpCharPredicate.lambda$union$2(Ljava/util/regex/Pattern$CharPredicate;I)Z @ 12 c2
Event: 22.860 Thread 0x000001b3e304f000 Uncommon trap: reason=class_check action=maybe_recompile pc=0x000001b3cc462b4c method=java.util.regex.Pattern$BmpCharPredicate.lambda$union$2(Ljava/util/regex/Pattern$CharPredicate;I)Z @ 12 c2
Event: 23.510 Thread 0x000001b3ba636800 Uncommon trap: reason=unstable_if action=reinterpret pc=0x000001b3cc4c04ec method=groovyjarjarasm.asm.Frame.getAbstractTypeFromDescriptor(Lgroovyjarjarasm/asm/SymbolTable;Ljava/lang/String;I)I @ 5 c2
Event: 23.966 Thread 0x000001b3ba636800 Uncommon trap: reason=unstable_if action=reinterpret pc=0x000001b3cbe0f700 method=java.util.zip.ZipFile$Source.getEntryPos([BZ)I @ 68 c2
Event: 24.678 Thread 0x000001b3ba636800 Uncommon trap: reason=unstable_if action=reinterpret pc=0x000001b3cc50eeb8 method=groovyjarjarantlr4.v4.runtime.atn.ParserATNSimulator.getEpsilonTarget(Lgroovyjarjarantlr4/v4/runtime/atn/ATNConfig;Lgroovyjarjarantlr4/v4/runtime/atn/Transition;ZZLgroovyjar
Event: 24.706 Thread 0x000001b3ba636800 Uncommon trap: reason=unstable_if action=reinterpret pc=0x000001b3cc4913e4 method=java.util.HashMap.putVal(ILjava/lang/Object;Ljava/lang/Object;ZZ)Ljava/lang/Object; @ 162 c2
Event: 24.706 Thread 0x000001b3ba636800 Uncommon trap: reason=unstable_if action=reinterpret pc=0x000001b3cbd2236c method=java.util.HashMap.putVal(ILjava/lang/Object;Ljava/lang/Object;ZZ)Ljava/lang/Object; @ 162 c2
Event: 24.706 Thread 0x000001b3ba636800 Uncommon trap: reason=unstable_if action=reinterpret pc=0x000001b3cbde4ef0 method=java.util.HashMap.getNode(ILjava/lang/Object;)Ljava/util/HashMap$Node; @ 84 c2
Event: 24.706 Thread 0x000001b3ba636800 Uncommon trap: reason=unstable_if action=reinterpret pc=0x000001b3cbd4b6e4 method=java.util.HashMap.getNode(ILjava/lang/Object;)Ljava/util/HashMap$Node; @ 84 c2
Event: 24.773 Thread 0x000001b3ba636800 Uncommon trap: reason=unstable_if action=reinterpret pc=0x000001b3cc3c5854 method=java.util.regex.Pattern.atom()Ljava/util/regex/Pattern$Node; @ 14 c2

Classes redefined (0 events):
No events

Internal exceptions (10 events):
Event: 23.669 Thread 0x000001b3ba636800 Exception <a 'java/lang/ClassNotFoundException'{0x00000007164b4168}: [Lio/restassured/internal/common/assertion/PathFragmentEscaper;Customizer> (0x00000007164b4168) thrown at [./open/src/hotspot/share/prims/jni.cpp, line 632]
Event: 23.680 Thread 0x000001b3ba636800 Exception <a 'java/lang/ClassNotFoundException'{0x00000007164e76f0}: java/lang/CharacterBeanInfo> (0x00000007164e76f0) thrown at [./open/src/hotspot/share/classfile/systemDictionary.cpp, line 228]
Event: 23.680 Thread 0x000001b3ba636800 Exception <a 'java/lang/ClassNotFoundException'{0x00000007164e9ec0}: java/lang/CharacterCustomizer> (0x00000007164e9ec0) thrown at [./open/src/hotspot/share/classfile/systemDictionary.cpp, line 228]
Event: 23.685 Thread 0x000001b3ba636800 Exception <a 'java/lang/ClassNotFoundException'{0x0000000716347b78}: org/apache/commons/lang3/math/NumberUtilsBeanInfo> (0x0000000716347b78) thrown at [./open/src/hotspot/share/classfile/systemDictionary.cpp, line 228]
Event: 23.692 Thread 0x000001b3ba636800 Exception <a 'java/lang/ClassNotFoundException'{0x000000071635d6b0}: org/apache/commons/lang3/math/NumberUtilsCustomizer> (0x000000071635d6b0) thrown at [./open/src/hotspot/share/classfile/systemDictionary.cpp, line 228]
Event: 23.711 Thread 0x000001b3ba636800 Exception <a 'java/lang/ClassNotFoundException'{0x000000071623ca80}: groovy/lang/BindingBeanInfo> (0x000000071623ca80) thrown at [./open/src/hotspot/share/classfile/systemDictionary.cpp, line 228]
Event: 23.712 Thread 0x000001b3ba636800 Exception <a 'java/lang/ClassNotFoundException'{0x0000000716259f30}: groovy/lang/BindingCustomizer> (0x0000000716259f30) thrown at [./open/src/hotspot/share/classfile/systemDictionary.cpp, line 228]
Event: 23.718 Thread 0x000001b3ba636800 Exception <a 'java/lang/ClassNotFoundException'{0x00000007162afe40}: groovy/lang/GroovyShellBeanInfo> (0x00000007162afe40) thrown at [./open/src/hotspot/share/classfile/systemDictionary.cpp, line 228]
Event: 23.719 Thread 0x000001b3ba636800 Exception <a 'java/lang/ClassNotFoundException'{0x00000007162cd828}: groovy/lang/GroovyShellCustomizer> (0x00000007162cd828) thrown at [./open/src/hotspot/share/classfile/systemDictionary.cpp, line 228]
Event: 24.792 Thread 0x000001b3ba636800 Exception <a 'java/lang/NoSuchMethodError'{0x000000071492bc88}: java.lang.invoke.DirectMethodHandle$Holder.invokeSpecialIFC(Ljava/lang/Object;Ljava/lang/Object;Ljava/lang/Object;)V> (0x000000071492bc88) thrown at [./open/src/hotspot/share/interpreter/link

Events (10 events):
Event: 25.003 loading class org/codehaus/groovy/transform/ASTTransformationCollectorCodeVisitor done
Event: 25.007 loading class org/codehaus/groovy/control/StaticVerifier
Event: 25.007 loading class org/codehaus/groovy/control/StaticVerifier done
Event: 25.010 loading class org/codehaus/groovy/transform/trait/TraitComposer
Event: 25.010 loading class org/codehaus/groovy/transform/trait/TraitComposer done
Event: 25.014 loading class groovy/transform/CompileStatic
Event: 25.014 loading class groovy/transform/CompileStatic done
Event: 25.014 loading class org/codehaus/groovy/transform/trait/SuperCallTraitTransformer
Event: 25.014 loading class org/codehaus/groovy/transform/trait/SuperCallTraitTransformer done
Event: 25.023 Executing VM operation: CGC_Operation


Dynamic libraries:
0x00007ff617540000 - 0x00007ff617587000 	C:\Program Files\Java\jdk-11.0.7\bin\java.exe
0x00007fff16210000 - 0x00007fff16405000 	C:\WINDOWS\SYSTEM32\ntdll.dll
0x00007ffefb660000 - 0x00007ffefb673000 	C:\Program Files\AVAST Software\Avast\aswhook.dll
0x00007fff14e80000 - 0x00007fff14f3e000 	C:\WINDOWS\System32\KERNEL32.DLL
0x00007fff13ce0000 - 0x00007fff13fa9000 	C:\WINDOWS\System32\KERNELBASE.dll
0x00007fff14f40000 - 0x00007fff14fec000 	C:\WINDOWS\System32\ADVAPI32.dll
0x00007fff15590000 - 0x00007fff1562e000 	C:\WINDOWS\System32\msvcrt.dll
0x00007fff14340000 - 0x00007fff143db000 	C:\WINDOWS\System32\sechost.dll
0x00007fff15850000 - 0x00007fff1597a000 	C:\WINDOWS\System32\RPCRT4.dll
0x00007fff15230000 - 0x00007fff153d1000 	C:\WINDOWS\System32\USER32.dll
0x00007fff13bb0000 - 0x00007fff13bd2000 	C:\WINDOWS\System32\win32u.dll
0x00007fff15b20000 - 0x00007fff15b4b000 	C:\WINDOWS\System32\GDI32.dll
0x00007fff13fb0000 - 0x00007fff140bb000 	C:\WINDOWS\System32\gdi32full.dll
0x00007fff13980000 - 0x00007fff13a1d000 	C:\WINDOWS\System32\msvcp_win.dll
0x00007fff13be0000 - 0x00007fff13ce0000 	C:\WINDOWS\System32\ucrtbase.dll
0x00007ffef6100000 - 0x00007ffef639a000 	C:\WINDOWS\WinSxS\amd64_microsoft.windows.common-controls_6595b64144ccf1df_6.0.19041.1110_none_60b5254171f9507e\COMCTL32.dll
0x00007fff0bb30000 - 0x00007fff0bb3a000 	C:\WINDOWS\SYSTEM32\VERSION.dll
0x00007fff15a90000 - 0x00007fff15ac0000 	C:\WINDOWS\System32\IMM32.DLL
0x00007fff0e120000 - 0x00007fff0e136000 	C:\Program Files\Java\jdk-11.0.7\bin\vcruntime140.dll
0x00007ffec4250000 - 0x00007ffec42fa000 	C:\Program Files\Java\jdk-11.0.7\bin\msvcp140.dll
0x00007ffe84bf0000 - 0x00007ffe85751000 	C:\Program Files\Java\jdk-11.0.7\bin\server\jvm.dll
0x00007fff15110000 - 0x00007fff15118000 	C:\WINDOWS\System32\PSAPI.DLL
0x00007fff117f0000 - 0x00007fff117f9000 	C:\WINDOWS\SYSTEM32\WSOCK32.dll
0x00007fff01d70000 - 0x00007fff01d97000 	C:\WINDOWS\SYSTEM32\WINMM.dll
0x00007fff15630000 - 0x00007fff1569b000 	C:\WINDOWS\System32\WS2_32.dll
0x00007fff12170000 - 0x00007fff12182000 	C:\WINDOWS\SYSTEM32\kernel.appcore.dll
0x00007ffeff060000 - 0x00007ffeff071000 	C:\Program Files\Java\jdk-11.0.7\bin\verify.dll
0x00007fff11360000 - 0x00007fff11544000 	C:\WINDOWS\SYSTEM32\DBGHELP.DLL
0x00007fff117c0000 - 0x00007fff117ec000 	C:\WINDOWS\SYSTEM32\dbgcore.DLL
0x00007fff141d0000 - 0x00007fff14253000 	C:\WINDOWS\System32\bcryptPrimitives.dll
0x00007ffefecc0000 - 0x00007ffefece9000 	C:\Program Files\Java\jdk-11.0.7\bin\java.dll
0x00007fff00450000 - 0x00007fff0045a000 	C:\Program Files\Java\jdk-11.0.7\bin\jimage.dll
0x00007ffeff040000 - 0x00007ffeff056000 	C:\Program Files\Java\jdk-11.0.7\bin\zip.dll
0x00007fff14740000 - 0x00007fff14e7f000 	C:\WINDOWS\System32\SHELL32.dll
0x00007fff0fbc0000 - 0x00007fff10350000 	C:\WINDOWS\SYSTEM32\windows.storage.dll
0x00007fff143e0000 - 0x00007fff14735000 	C:\WINDOWS\System32\combase.dll
0x00007fff132a0000 - 0x00007fff132cc000 	C:\WINDOWS\SYSTEM32\Wldp.dll
0x00007fff15120000 - 0x00007fff151ce000 	C:\WINDOWS\System32\SHCORE.dll
0x00007fff14ff0000 - 0x00007fff15045000 	C:\WINDOWS\System32\shlwapi.dll
0x00007fff13870000 - 0x00007fff1388f000 	C:\WINDOWS\SYSTEM32\profapi.dll
0x00007ffefefb0000 - 0x00007ffefefc9000 	C:\Program Files\Java\jdk-11.0.7\bin\net.dll
0x00007fff0daa0000 - 0x00007fff0dba8000 	C:\WINDOWS\SYSTEM32\WINHTTP.dll
0x00007fff13080000 - 0x00007fff130ea000 	C:\WINDOWS\system32\mswsock.dll
0x00007ffefe170000 - 0x00007ffefe183000 	C:\Program Files\Java\jdk-11.0.7\bin\nio.dll
0x00007ffefee40000 - 0x00007ffefee49000 	C:\Program Files\Java\jdk-11.0.7\bin\management.dll
0x00007ffefec90000 - 0x00007ffefec9c000 	C:\Program Files\Java\jdk-11.0.7\bin\management_ext.dll
0x00007ffefc4c0000 - 0x00007ffefc4d7000 	C:\WINDOWS\system32\napinsp.dll
0x00007ffefc4a0000 - 0x00007ffefc4bb000 	C:\WINDOWS\system32\pnrpnsp.dll
0x00007ffefc3d0000 - 0x00007ffefc3e5000 	C:\WINDOWS\system32\wshbth.dll
0x00007fff0e0e0000 - 0x00007fff0e0fd000 	C:\WINDOWS\system32\NLAapi.dll
0x00007fff12d40000 - 0x00007fff12d7b000 	C:\WINDOWS\SYSTEM32\IPHLPAPI.DLL
0x00007fff12d80000 - 0x00007fff12e4c000 	C:\WINDOWS\SYSTEM32\DNSAPI.dll
0x00007fff15100000 - 0x00007fff15108000 	C:\WINDOWS\System32\NSI.dll
0x00007ffefc3b0000 - 0x00007ffefc3c2000 	C:\WINDOWS\System32\winrnr.dll
0x00007fff0adf0000 - 0x00007fff0adfa000 	C:\Windows\System32\rasadhlp.dll
0x00007fff0a6c0000 - 0x00007fff0a73f000 	C:\WINDOWS\System32\fwpuclnt.dll
0x00007fff13b80000 - 0x00007fff13ba7000 	C:\WINDOWS\System32\bcrypt.dll
0x00007fff132e0000 - 0x00007fff132f8000 	C:\WINDOWS\SYSTEM32\CRYPTSP.dll
0x00007fff129b0000 - 0x00007fff129e4000 	C:\WINDOWS\system32\rsaenh.dll
0x00007fff137f0000 - 0x00007fff1381e000 	C:\WINDOWS\SYSTEM32\USERENV.dll
0x00007fff13210000 - 0x00007fff1321c000 	C:\WINDOWS\SYSTEM32\CRYPTBASE.dll
0x00007fff109b0000 - 0x00007fff109c7000 	C:\WINDOWS\SYSTEM32\dhcpcsvc6.DLL
0x00007fff10990000 - 0x00007fff109ad000 	C:\WINDOWS\SYSTEM32\dhcpcsvc.DLL
0x00007ffefecb0000 - 0x00007ffefecbe000 	C:\Program Files\Java\jdk-11.0.7\bin\sunmscapi.dll
0x00007fff13a20000 - 0x00007fff13b76000 	C:\WINDOWS\System32\CRYPT32.dll
0x00007fff133f0000 - 0x00007fff13417000 	C:\WINDOWS\SYSTEM32\ncrypt.dll
0x00007fff133b0000 - 0x00007fff133eb000 	C:\WINDOWS\SYSTEM32\NTASN1.dll
0x00007ffee9260000 - 0x00007ffee9286000 	C:\Program Files\Java\jdk-11.0.7\bin\sunec.dll

dbghelp: loaded successfully - version: 4.0.5 - missing functions: none
symbol engine: initialized successfully - sym options: 0x614 - pdb path: .;C:\Program Files\Java\jdk-11.0.7\bin;C:\WINDOWS\SYSTEM32;C:\Program Files\AVAST Software\Avast;C:\WINDOWS\WinSxS\amd64_microsoft.windows.common-controls_6595b64144ccf1df_6.0.19041.1110_none_60b5254171f9507e;C:\Program Files\Java\jdk-11.0.7\bin\server

VM Arguments:
jvm_args: -ea -Dfile.encoding=UTF-8 
java_command: org.eclipse.jdt.internal.junit.runner.RemoteTestRunner -version 3 -port 58687 -testLoaderClass org.eclipse.jdt.internal.junit5.runner.JUnit5TestLoader -loaderpluginname org.eclipse.jdt.junit5.runtime -testNameFile C:\Users\silvio\AppData\Local\Temp\testNames13172423469475467885.txt
java_class_path (initial): e:\GitHub\silcom-backend-api\target\test-classes;e:\GitHub\silcom-backend-api\target\classes;c:\Users\silvio\.m2\repository\org\springframework\boot\spring-boot-starter-web\2.5.4\spring-boot-starter-web-2.5.4.jar;c:\Users\silvio\.m2\repository\org\springframework\boot\spring-boot-starter\2.5.4\spring-boot-starter-2.5.4.jar;c:\Users\silvio\.m2\repository\org\springframework\boot\spring-boot-starter-logging\2.5.4\spring-boot-starter-logging-2.5.4.jar;c:\Users\silvio\.m2\repository\org\apache\logging\log4j\log4j-to-slf4j\2.14.1\log4j-to-slf4j-2.14.1.jar;c:\Users\silvio\.m2\repository\org\apache\logging\log4j\log4j-api\2.14.1\log4j-api-2.14.1.jar;c:\Users\silvio\.m2\repository\org\slf4j\jul-to-slf4j\1.7.32\jul-to-slf4j-1.7.32.jar;c:\Users\silvio\.m2\repository\jakarta\annotation\jakarta.annotation-api\1.3.5\jakarta.annotation-api-1.3.5.jar;c:\Users\silvio\.m2\repository\org\yaml\snakeyaml\1.28\snakeyaml-1.28.jar;c:\Users\silvio\.m2\repository\org\springframework\boot\spring-boot-starter-json\2.5.4\spring-boot-starter-json-2.5.4.jar;c:\Users\silvio\.m2\repository\com\fasterxml\jackson\core\jackson-databind\2.12.4\jackson-databind-2.12.4.jar;c:\Users\silvio\.m2\repository\com\fasterxml\jackson\core\jackson-annotations\2.12.4\jackson-annotations-2.12.4.jar;c:\Users\silvio\.m2\repository\com\fasterxml\jackson\core\jackson-core\2.12.4\jackson-core-2.12.4.jar;c:\Users\silvio\.m2\repository\com\fasterxml\jackson\datatype\jackson-datatype-jdk8\2.12.4\jackson-datatype-jdk8-2.12.4.jar;c:\Users\silvio\.m2\repository\com\fasterxml\jackson\datatype\jackson-datatype-jsr310\2.12.4\jackson-datatype-jsr310-2.12.4.jar;c:\Users\silvio\.m2\repository\com\fasterxml\jackson\module\jackson-module-parameter-names\2.12.4\jackson-module-parameter-names-2.12.4.jar;c:\Users\silvio\.m2\repository\org\springframework\boot\spring-boot-starter-tomcat\2.5.4\spring-boot-starter-tomcat-2.5.4.jar;c:\Users\silvio\.m2\repository\org\apache\tomcat\embed\tomcat-embed-core\9.0.52\t
Launcher Type: SUN_STANDARD

[Global flags]
     intx CICompilerCount                          = 4                                         {product} {ergonomic}
     uint ConcGCThreads                            = 2                                         {product} {ergonomic}
     uint G1ConcRefinementThreads                  = 8                                         {product} {ergonomic}
   size_t G1HeapRegionSize                         = 1048576                                   {product} {ergonomic}
    uintx GCDrainStackTargetSize                   = 64                                        {product} {ergonomic}
   size_t InitialHeapSize                          = 266338304                                 {product} {ergonomic}
   size_t MarkStackSize                            = 4194304                                   {product} {ergonomic}
   size_t MaxHeapSize                              = 4236247040                                {product} {ergonomic}
   size_t MaxNewSize                               = 2541748224                                {product} {ergonomic}
   size_t MinHeapDeltaBytes                        = 1048576                                   {product} {ergonomic}
    uintx NonNMethodCodeHeapSize                   = 5836300                                {pd product} {ergonomic}
    uintx NonProfiledCodeHeapSize                  = 122910970                              {pd product} {ergonomic}
    uintx ProfiledCodeHeapSize                     = 122910970                              {pd product} {ergonomic}
    uintx ReservedCodeCacheSize                    = 251658240                              {pd product} {ergonomic}
     bool SegmentedCodeCache                       = true                                      {product} {ergonomic}
     bool UseCompressedClassPointers               = true                                 {lp64_product} {ergonomic}
     bool UseCompressedOops                        = true                                 {lp64_product} {ergonomic}
     bool UseG1GC                                  = true                                      {product} {ergonomic}
     bool UseLargePagesIndividualAllocation        = false                                  {pd product} {ergonomic}

Logging:
Log output configuration:
 #0: stdout all=warning uptime,level,tags
 #1: stderr all=off uptime,level,tags

Environment Variables:
JAVA_HOME=C:\Program Files\Java\jdk-11.0.7
PATH=C:\Program Files\Java\jdk-11.0.7;C:\Windows\system32;C:\Windows;C:\Windows\System32\Wbem;C:\Windows\System32\WindowsPowerShell\v1.0\;C:\Windows\System32\OpenSSH\;C:\Program Files (x86)\NVIDIA Corporation\PhysX\Common;C:\Program Files\NVIDIA Corporation\NVIDIA NvDLISR;C:\WINDOWS\system32;C:\WINDOWS;C:\WINDOWS\System32\Wbem;C:\WINDOWS\System32\WindowsPowerShell\v1.0\;C:\WINDOWS\System32\OpenSSH\;C:\Program Files\MongoDB\Server\4.4\bin;C:\Users\silvio\Documents\spark\bin;C:\Users\silvio\Documents\Hadoop\bin;C:\ProgramData\chocolatey\bin;C:\Program Files\Git\cmd;C:\Program Files\Docker\Docker\resources\bin;C:\ProgramData\DockerDesktop\version-bin;C:\Program Files\nodejs\;C:\Program Files\MySQL\MySQL Shell 8.0\bin\;C:\Users\silvio\AppData\Local\Programs\Python\Python38-32\Scripts\;C:\Users\silvio\AppData\Local\Programs\Python\Python38-32\;C:\Users\silvio\AppData\Local\Microsoft\WindowsApps;C:\Program Files\JetBrains\IntelliJ IDEA Community Edition 2020.1.1\bin;C:\Program Files\Java\jdk-11.0.7\bin;E:\Programas\sonar-scanner-4.3.0.2102-windows\bin;C:\Users\silvio\AppData\Local\Programs\Microsoft VS Code\bin;C:\Users\silvio\AppData\Local\Microsoft\WindowsApps;C:\Program Files\Heroku\bin;C:\Users\silvio\AppData\Roaming\npm
USERNAME=silvio
OS=Windows_NT
PROCESSOR_IDENTIFIER=Intel64 Family 6 Model 142 Stepping 12, GenuineIntel



---------------  S Y S T E M  ---------------

OS: Windows 10 , 64 bit Build 19041 (10.0.19041.1202)

CPU:total 8 (initial active 8) (4 cores per cpu, 2 threads per core) family 6 model 142 stepping 12, cmov, cx8, fxsr, mmx, sse, sse2, sse3, ssse3, sse4.1, sse4.2, popcnt, avx, avx2, aes, clmul, erms, 3dnowpref, lzcnt, ht, tsc, tscinvbit, bmi1, bmi2, adx, fma

Memory: 4k page, system-wide physical 16158M (1843M free)
TotalPageFile size 21728M (AvailPageFile size 18M)
current process WorkingSet (physical memory assigned to process): 568M, peak: 572M
current process commit charge ("private bytes"): 677M, peak: 683M

vm_info: Java HotSpot(TM) 64-Bit Server VM (11.0.7+8-LTS) for windows-amd64 JRE (11.0.7+8-LTS), built on Mar 12 2020 02:04:32 by "mach5one" with MS VC++ 15.5 (VS2017)

END.
